deleted: 08_Archive/status_standardization_backup/20250812_233133/Campaign_Quick_Reference_Sheets 2.md
deleted: 08_Archive/status_standardization_backup/20250812_233133/09_Performance/Reports/CHARACTER_CONSISTENCY_REPORT 2.md
deleted: 08_Archive/status_standardization_backup/20250812_233133/09_Performance/Indexes/Item_Catalog_Complete 2.md
deleted: 08_Archive/status_standardization_backup/20250812_233133/09_Performance/Indexes/Quest_Dependency_System 2.md
deleted: 08_Archive/status_standardization_backup/20250812_233133/09_Performance/Indexes/Complete_NPC_Matrix 2.md
deleted: 08_Archive/status_standardization_backup/20250812_233133/09_Performance/Indexes/Location_Network_Graph 2.md
deleted: 08_Archive/status_standardization_backup/20250812_233133/09_Performance/Indexes/Seven_Shards_Tracker 2.md
deleted: 08_Archive/status_standardization_backup/20250812_233133/09_Performance/Indexes/Master_Narrative_Web 2.md
deleted: 08_Archive/status_standardization_backup/20250812_233133/09_Performance/Indexes/Monster_Ecology_Web 2.md
deleted: 08_Archive/date_standardization_backup/20250812_233011/Campaign_Quick_Reference_Sheets 2.md
deleted: 08_Archive/date_standardization_backup/20250812_233011/09_Performance/Reports/CHARACTER_CONSISTENCY_REPORT 2.md
deleted: 08_Archive/date_standardization_backup/20250812_233011/09_Performance/Indexes/Item_Catalog_Complete 2.md
deleted: 08_Archive/date_standardization_backup/20250812_233011/09_Performance/Indexes/Quest_Dependency_System 2.md
deleted: 08_Archive/date_standardization_backup/20250812_233011/09_Performance/Indexes/Complete_NPC_Matrix 2.md
deleted: 08_Archive/date_standardization_backup/20250812_233011/09_Performance/Indexes/Location_Network_Graph 2.md
deleted: 08_Archive/date_standardization_backup/20250812_233011/09_Performance/Indexes/Seven_Shards_Tracker 2.md
deleted: 08_Archive/date_standardization_backup/20250812_233011/09_Performance/Indexes/Master_Narrative_Web 2.md
deleted: 08_Archive/date_standardization_backup/20250812_233011/09_Performance/Indexes/Monster_Ecology_Web 2.md
deleted: 08_Archive/content_type_standardization_backup/20250812_233253/Campaign_Quick_Reference_Sheets 2.md
deleted: 08_Archive/content_type_standardization_backup/20250812_233253/09_Performance/Reports/CHARACTER_CONSISTENCY_REPORT 2.md
deleted: 08_Archive/content_type_standardization_backup/20250812_233253/09_Performance/Indexes/Item_Catalog_Complete 2.md
deleted: 08_Archive/content_type_standardization_backup/20250812_233253/09_Performance/Indexes/Quest_Dependency_System 2.md
deleted: 08_Archive/content_type_standardization_backup/20250812_233253/09_Performance/Indexes/Complete_NPC_Matrix 2.md
deleted: 08_Archive/content_type_standardization_backup/20250812_233253/09_Performance/Indexes/Location_Network_Graph 2.md
deleted: 08_Archive/content_type_standardization_backup/20250812_233253/09_Performance/Indexes/Seven_Shards_Tracker 2.md
deleted: 08_Archive/content_type_standardization_backup/20250812_233253/09_Performance/Indexes/Master_Narrative_Web 2.md
deleted: 08_Archive/content_type_standardization_backup/20250812_233253/09_Performance/Indexes/Monster_Ecology_Web 2.md
suspicious_count: 27 report:08_Archive/reports/clean_misplaced_notes.json dry_run:False
