Generated audio tracks:
 - 04_Resources/Assets/Audio/Generated/Underwater_Ambience.wav
 - 04_Resources/Assets/Audio/Generated/Airship_Ambience.wav
 - 04_Resources/Assets/Audio/Generated/Market_Ambience.wav
 - 04_Resources/Assets/Audio/Generated/Temple_Ambience.wav
 - 04_Resources/Assets/Audio/Generated/Storm_Approach.wav
 - 04_Resources/Assets/Audio/Generated/Cavern_Drip.wav
 - 04_Resources/Assets/Audio/Generated/Coral_Reef_Clicks.wav
 - 04_Resources/Assets/Audio/Generated/Deep_Trench_Pressure.wav
 - 04_Resources/Assets/Audio/Generated/Void_Hum.wav
 - 04_Resources/Assets/Audio/Generated/Sky_Dock_Bustle.wav
 - 04_Resources/Assets/Audio/Generated/Engine_Room_Thrum.wav
 - 04_Resources/Assets/Audio/Generated/Library_Whisper.wav
 - 04_Resources/Assets/Audio/Generated/Tavern_Chatter.wav
 - 04_Resources/Assets/Audio/Generated/Ritual_Circle_Pulse.wav
 - 04_Resources/Assets/Audio/Generated/Shrine_Bell_Air.wav
 - 04_Resources/Assets/Audio/Generated/Lighthouse_Surf_Horn.wav
 - 04_Resources/Assets/Audio/Generated/Harbor_Night.wav
 - 04_Resources/Assets/Audio/Generated/Kelp_Forest_Sway.wav
 - 04_Resources/Assets/Audio/Generated/Trench_Geyser.wav
 - 04_Resources/Assets/Audio/Generated/Pressure_Dome_Interior.wav
Curated 242 WAVs into 04_Resources/Assets/Audio/Curated. Report: 09_Performance/audio_fit_report.md
