[worker2] Starting paced generator
[worker2] Configuration:
  • Batch size: 5
  • Asset delay: 5s
  • Batch delay: 30s
  • Pause every: 10 batches

[worker2] Found 8453 files to process

[worker2] Processing batch 1 (5 files)
[worker2] Retry 1/2 for #Character Sheet.md
[worker2] Failed: Cannot read properties of undefined (reading 'includes')
[worker2] Retry 1/2 for #Character-Faction Relationship Matrix.md
[worker2] Failed: Cannot read properties of undefined (reading 'includes')
[worker2] Retry 1/2 for #Cross-Campaign Characters.md
[worker2] Failed: Cannot read properties of undefined (reading 'includes')
[worker2] Retry 1/2 for #NPC-Location Relationship Matrix.md
[worker2] Failed: Cannot read properties of undefined (reading 'includes')
[worker2] Retry 1/2 for #NPCs.md
[worker2] Failed: Cannot read properties of undefined (reading 'includes')
[worker2] Batch 1 complete
  • Generated: 0
  • Failed: 5
  • Rate: 0.0 assets/hour

[worker2] Pausing 30s before next batch...
[worker2] Processing batch 2 (5 files)
[worker2] Retry 1/2 for #Royal & Noble Characters.md
[worker2] Failed: Cannot read properties of undefined (reading 'includes')
[worker2] Retry 1/2 for Pregenerated_Characters.md.md
[worker2] Failed: Cannot read properties of undefined (reading 'includes')
[worker2] Retry 1/2 for Pregenerated_Characters.md.md
[worker2] Failed: Cannot read properties of undefined (reading 'includes')
[worker2] Retry 1/2 for 02 Chapter 1 Playing the Game#stabilizing a Character.md
[worker2] Failed: Cannot read properties of undefined (reading 'includes')
[worker2] Retry 1/2 for mechuiti-demon-lord-of-apes-tob.md
[worker2] Failed: Cannot read properties of undefined (reading 'includes')
[worker2] Batch 2 complete
  • Generated: 0
  • Failed: 10
  • Rate: 0.0 assets/hour

[worker2] Pausing 30s before next batch...
[worker2] Processing batch 3 (5 files)
[worker2] Retry 1/2 for qorgeth-demon-lord-of-the-devouring-worm-tob.md
[worker2] Failed: Cannot read properties of undefined (reading 'includes')
[worker2] Retry 1/2 for NPC_Name_Generator.png.md
[worker2] Failed: No context extracted
[worker2] Retry 1/2 for NPC_Relationship_Web.png.md
[worker2] Failed: No context extracted
[worker2] Retry 1/2 for Crown_Dome_Conspiracy.png.md
[worker2] Failed: Cannot read properties of undefined (reading 'includes')
[worker2] Retry 1/2 for Quest Into the Wastes.png.md
[worker2] Failed: No context extracted
[worker2] Batch 3 complete
  • Generated: 0
  • Failed: 15
  • Rate: 0.0 assets/hour

[worker2] Pausing 30s before next batch...
[worker2] Processing batch 4 (5 files)
[worker2] Retry 1/2 for Quest Nature.png.md
[worker2] Failed: No context extracted
[worker2] Retry 1/2 for Quest Syndicate Shadows.png.md
[worker2] Failed: No context extracted
[worker2] Retry 1/2 for Quest the Blackmail Papers.png.md
[worker2] Failed: No context extracted
[worker2] Retry 1/2 for Quest the Missing Guards.png.md
[worker2] Failed: No context extracted
[worker2] Retry 1/2 for Quest the Pretender.png.md
[worker2] Failed: No context extracted
[worker2] Batch 4 complete
  • Generated: 0
  • Failed: 20
  • Rate: 0.0 assets/hour

[worker2] Pausing 30s before next batch...
[worker2] Processing batch 5 (5 files)
[worker2] Retry 1/2 for Quest the Root Network.png.md
[worker2] Failed: No context extracted
[worker2] Retry 1/2 for Session 4.png.md
[worker2] Failed: Cannot read properties of undefined (reading 'includes')
[worker2] Retry 1/2 for Shadow_Parliament.png.md
[worker2] Failed: Cannot read properties of undefined (reading 'includes')
[worker2] Retry 1/2 for Syndicate_War.png.md
[worker2] Failed: Cannot read properties of undefined (reading 'includes')
[worker2] Retry 1/2 for The_Coral_Throne_Syndicate.png.md
[worker2] Failed: Cannot read properties of undefined (reading 'includes')
[worker2] Batch 5 complete
  • Generated: 0
  • Failed: 25
  • Rate: 0.0 assets/hour

[worker2] Pausing 30s before next batch...
[worker2] Processing batch 6 (5 files)
[worker2] Retry 1/2 for The_Corroded_Crown.png.md
[worker2] Failed: Cannot read properties of undefined (reading 'includes')
[worker2] Retry 1/2 for The_Cure.png.md
[worker2] Failed: Cannot read properties of undefined (reading 'includes')
[worker2] Retry 1/2 for The_Party.png.md
[worker2] Failed: Cannot read properties of undefined (reading 'includes')
[worker2] Retry 1/2 for The_Seven_Seals.png.md
[worker2] Failed: Cannot read properties of undefined (reading 'includes')
[worker2] Retry 1/2 for The_Verdant_Accord.png.md
[worker2] Failed: Cannot read properties of undefined (reading 'includes')
[worker2] Batch 6 complete
  • Generated: 0
  • Failed: 30
  • Rate: 0.0 assets/hour

[worker2] Pausing 30s before next batch...
[worker2] Processing batch 7 (5 files)
[worker2] Retry 1/2 for Uniting_the_Factions.png.md
[worker2] Failed: Cannot read properties of undefined (reading 'includes')
[worker2] Retry 1/2 for Portrait NPC Aboleth Prime Yoth Aboleth Prime Yoth.svg.md
[worker2] Failed: Cannot read properties of undefined (reading 'includes')
[worker2] Retry 1/2 for Portrait NPC Aboleth Prime Yoth V1 Aboleth Prime Yoth.svg.md
[worker2] Failed: Cannot read properties of undefined (reading 'includes')
[worker2] Retry 1/2 for Portrait NPC Aboleth Prime Yoth V2 Aboleth Prime Yoth.svg.md
[worker2] Failed: Cannot read properties of undefined (reading 'includes')
[worker2] Retry 1/2 for Portrait NPC Abyssal Cathedral Abyssal Cathedral.svg.md
[worker2] Failed: Cannot read properties of undefined (reading 'includes')
[worker2] Batch 7 complete
  • Generated: 0
  • Failed: 35
  • Rate: 0.0 assets/hour

[worker2] Pausing 30s before next batch...
[worker2] Processing batch 8 (5 files)
[worker2] Retry 1/2 for Portrait NPC Abyssal Cathedral V1 Abyssal Cathedral.svg.md
[worker2] Failed: Cannot read properties of undefined (reading 'includes')
[worker2] Retry 1/2 for Portrait NPC Abyssal Cathedral V2 Abyssal Cathedral.svg.md
[worker2] Failed: Cannot read properties of undefined (reading 'includes')
[worker2] Retry 1/2 for Portrait NPC Abyssos Prime Government Abyssos Prime Government.svg.md
[worker2] Failed: Cannot read properties of undefined (reading 'includes')
[worker2] Retry 1/2 for Portrait NPC Abyssos Prime Government V1 Abyssos Prime Government.svg.md
[worker2] Failed: Cannot read properties of undefined (reading 'includes')
[worker2] Retry 1/2 for Portrait NPC Abyssos Prime Government V2 Abyssos Prime Government.svg.md
[worker2] Failed: Cannot read properties of undefined (reading 'includes')
[worker2] Batch 8 complete
  • Generated: 0
  • Failed: 40
  • Rate: 0.0 assets/hour

[worker2] Pausing 30s before next batch...
[worker2] Processing batch 9 (5 files)
[worker2] Retry 1/2 for Portrait NPC Abyssos Prime Parliament of Echoes Abyssos Prime Parliament of Echoes.svg.md
[worker2] Failed: Cannot read properties of undefined (reading 'includes')
[worker2] Retry 1/2 for Portrait NPC Abyssos Prime Parliament of Echoes V1 Abyssos Prime Parliament of Echoes.svg.md
[worker2] Failed: Cannot read properties of undefined (reading 'includes')
[worker2] Retry 1/2 for Portrait NPC Abyssos Prime Parliament of Echoes V2 Abyssos Prime Parliament of Echoes.svg.md
[worker2] Failed: Cannot read properties of undefined (reading 'includes')
[worker2] Retry 1/2 for Portrait NPC Abyssos Prime Throne of Bubbles Abyssos Prime Throne of Bubbles.svg.md
[worker2] Failed: Cannot read properties of undefined (reading 'includes')
[worker2] Retry 1/2 for Portrait NPC Abyssos Prime Throne of Bubbles V1 Abyssos Prime Throne of Bubbles.svg.md
[worker2] Failed: Cannot read properties of undefined (reading 'includes')
[worker2] Batch 9 complete
  • Generated: 0
  • Failed: 45
  • Rate: 0.0 assets/hour

[worker2] Pausing 30s before next batch...
[worker2] Processing batch 10 (5 files)
[worker2] Retry 1/2 for Portrait NPC Abyssos Prime Throne of Bubbles V2 Abyssos Prime Throne of Bubbles.svg.md
[worker2] Failed: Cannot read properties of undefined (reading 'includes')
[worker2] Retry 1/2 for Portrait NPC Admiral Cassandra Stormwind Admiral Cassandra Stormwind.svg.md
[worker2] Failed: Cannot read properties of undefined (reading 'includes')
[worker2] Retry 1/2 for Portrait NPC Admiral Cassandra Stormwind V1 Admiral Cassandra Stormwind.svg.md
[worker2] Failed: Cannot read properties of undefined (reading 'includes')
[worker2] Retry 1/2 for Portrait NPC Admiral Cassandra Stormwind V2 Admiral Cassandra Stormwind.svg.md
[worker2] Failed: Cannot read properties of undefined (reading 'includes')
[worker2] Retry 1/2 for Portrait NPC Admiral Lady Cassandra Stormwind Admiral Lady Cassandra Stormwind.svg.md
[worker2] Failed: Cannot read properties of undefined (reading 'includes')
[worker2] Batch 10 complete
  • Generated: 0
  • Failed: 50
  • Rate: 0.0 assets/hour

[worker2] Pausing 30s before next batch...

[worker2] ⏸️  Taking a 2 minute break...
  Reason: Pacing protocol activated
  Resume at: 8:01:05 PM

[worker2] ▶️  Resuming generation...

[worker2] Processing batch 11 (5 files)
[worker2] Retry 1/2 for Portrait NPC Admiral Lady Cassandra Stormwind V1 Admiral Lady Cassandra Stormwind.svg.md
[worker2] Failed: Cannot read properties of undefined (reading 'includes')
[worker2] Retry 1/2 for Portrait NPC Admiral Lady Cassandra Stormwind V2 Admiral Lady Cassandra Stormwind.svg.md
[worker2] Failed: Cannot read properties of undefined (reading 'includes')
[worker2] Retry 1/2 for Portrait NPC Admiral Thorne Blackwater Admiral Thorne Blackwater.svg.md
[worker2] Failed: Cannot read properties of undefined (reading 'includes')
[worker2] Retry 1/2 for Portrait NPC Admiral Thorne Blackwater V1 Admiral Thorne Blackwater.svg.md
[worker2] Failed: Cannot read properties of undefined (reading 'includes')
[worker2] Retry 1/2 for Portrait NPC Admiral Thorne Blackwater V2 Admiral Thorne Blackwater.svg.md
[worker2] Failed: Cannot read properties of undefined (reading 'includes')
[worker2] Batch 11 complete
  • Generated: 0
  • Failed: 55
  • Rate: 0.0 assets/hour

[worker2] Pausing 30s before next batch...
[worker2] Processing batch 12 (5 files)
[worker2] Retry 1/2 for Portrait NPC Agent Whisper Voidheart Agent Whisper Voidheart.svg.md
[worker2] Failed: Cannot read properties of undefined (reading 'includes')
[worker2] Retry 1/2 for Portrait NPC Agent Whisper Voidheart V1 Agent Whisper Voidheart.svg.md
[worker2] Failed: Cannot read properties of undefined (reading 'includes')
[worker2] Retry 1/2 for Portrait NPC Agent Whisper Voidheart V2 Agent Whisper Voidheart.svg.md
[worker2] Failed: Cannot read properties of undefined (reading 'includes')
[worker2] Retry 1/2 for Portrait NPC Ambassador Korvin Blacktide Ambassador Korvin Blacktide.svg.md
[worker2] Failed: Cannot read properties of undefined (reading 'includes')
[worker2] Retry 1/2 for Portrait NPC Ambassador Korvin Blacktide V1 Ambassador Korvin Blacktide.svg.md
[worker2] Failed: Cannot read properties of undefined (reading 'includes')
[worker2] Batch 12 complete
  • Generated: 0
  • Failed: 60
  • Rate: 0.0 assets/hour

[worker2] Pausing 30s before next batch...
[worker2] Processing batch 13 (5 files)
[worker2] Retry 1/2 for Portrait NPC Ambassador Korvin Blacktide V2 Ambassador Korvin Blacktide.svg.md
[worker2] Failed: Cannot read properties of undefined (reading 'includes')
[worker2] Retry 1/2 for Portrait NPC Ambassador Nerida Deepcurrent Ambassador Nerida Deepcurrent.svg.md
[worker2] Failed: Cannot read properties of undefined (reading 'includes')
[worker2] Retry 1/2 for Portrait NPC Ambassador Nerida Deepcurrent V1 Ambassador Nerida Deepcurrent.svg.md
[worker2] Failed: Cannot read properties of undefined (reading 'includes')
[worker2] Retry 1/2 for Portrait NPC Ambassador Nerida Deepcurrent V2 Ambassador Nerida Deepcurrent.svg.md
[worker2] Failed: Cannot read properties of undefined (reading 'includes')
[worker2] Retry 1/2 for Portrait NPC Ancient King Pelagios Ancient King Pelagios.svg.md
[worker2] Failed: Cannot read properties of undefined (reading 'includes')
[worker2] Batch 13 complete
  • Generated: 0
  • Failed: 65
  • Rate: 0.0 assets/hour

[worker2] Pausing 30s before next batch...
[worker2] Processing batch 14 (5 files)
[worker2] Retry 1/2 for Portrait NPC Ancient King Pelagios V1 Ancient King Pelagios.svg.md
[worker2] Failed: Cannot read properties of undefined (reading 'includes')
[worker2] Retry 1/2 for Portrait NPC Ancient King Pelagios V2 Ancient King Pelagios.svg.md
[worker2] Failed: Cannot read properties of undefined (reading 'includes')
[worker2] Retry 1/2 for Portrait NPC Archbishop Matthias Lightbringer Archbishop Matthias Lightbringer.svg.md
[worker2] Failed: Cannot read properties of undefined (reading 'includes')
[worker2] Retry 1/2 for Portrait NPC Archbishop Matthias Lightbringer V1 Archbishop Matthias Lightbringer.svg.md
[worker2] Failed: Cannot read properties of undefined (reading 'includes')
[worker2] Retry 1/2 for Portrait NPC Archbishop Matthias Lightbringer V2 Archbishop Matthias Lightbringer.svg.md
[worker2] Failed: Cannot read properties of undefined (reading 'includes')
[worker2] Batch 14 complete
  • Generated: 0
  • Failed: 70
  • Rate: 0.0 assets/hour

[worker2] Pausing 30s before next batch...
[worker2] Processing batch 15 (5 files)
[worker2] Retry 1/2 for Portrait NPC Archbishop Mordecai Stormwright Archbishop Mordecai Stormwright.svg.md
[worker2] Failed: Cannot read properties of undefined (reading 'includes')
[worker2] Retry 1/2 for Portrait NPC Archbishop Mordecai Stormwright V1 Archbishop Mordecai Stormwright.svg.md
[worker2] Failed: Cannot read properties of undefined (reading 'includes')
[worker2] Retry 1/2 for Portrait NPC Archbishop Mordecai Stormwright V2 Archbishop Mordecai Stormwright.svg.md
[worker2] Failed: Cannot read properties of undefined (reading 'includes')
[worker2] Retry 1/2 for Portrait NPC Archdruid Thornweaver Archdruid Thornweaver.svg.md
[worker2] Failed: Cannot read properties of undefined (reading 'includes')
[worker2] Retry 1/2 for Portrait NPC Archdruid Thornweaver V1 Archdruid Thornweaver.svg.md
[worker2] Failed: Cannot read properties of undefined (reading 'includes')
[worker2] Batch 15 complete
  • Generated: 0
  • Failed: 75
  • Rate: 0.0 assets/hour

[worker2] Pausing 30s before next batch...
[worker2] Processing batch 16 (5 files)
[worker2] Retry 1/2 for Portrait NPC Archdruid Thornweaver V2 Archdruid Thornweaver.svg.md
[worker2] Failed: Cannot read properties of undefined (reading 'includes')
[worker2] Retry 1/2 for Portrait NPC Archon Meredith Saltweaver Archon Meredith Saltweaver.svg.md
[worker2] Failed: Cannot read properties of undefined (reading 'includes')
[worker2] Retry 1/2 for Portrait NPC Archon Meredith Saltweaver V1 Archon Meredith Saltweaver.svg.md
[worker2] Failed: Cannot read properties of undefined (reading 'includes')
[worker2] Retry 1/2 for Portrait NPC Archon Meredith Saltweaver V2 Archon Meredith Saltweaver.svg.md
[worker2] Failed: Cannot read properties of undefined (reading 'includes')
[worker2] Retry 1/2 for Portrait NPC Aria Lumengarde V1 Aria Lumengarde.svg.md
[worker2] Failed: Cannot read properties of undefined (reading 'includes')
[worker2] Batch 16 complete
  • Generated: 0
  • Failed: 80
  • Rate: 0.0 assets/hour

[worker2] Pausing 30s before next batch...
[worker2] Processing batch 17 (5 files)
[worker2] Retry 1/2 for Portrait NPC Aria Lumengarde V2 Aria Lumengarde.svg.md
