🎨 ADVANCED SVG REPLACER
========================
Finding all SVG files...

Found 4039 SVG files to replace


Processing batch 1/81...
  Progress: 10/4039 SVGs replaced
  Progress: 20/4039 SVGs replaced
  Progress: 30/4039 SVGs replaced
  Progress: 40/4039 SVGs replaced
  Progress: 50/4039 SVGs replaced
  Batch complete. Pausing...

Processing batch 2/81...
  Progress: 60/4039 SVGs replaced
  Progress: 70/4039 SVGs replaced
  Progress: 80/4039 SVGs replaced
  Progress: 90/4039 SVGs replaced
  Progress: 100/4039 SVGs replaced
  Batch complete. Pausing...

Processing batch 3/81...
  Progress: 110/4039 SVGs replaced
  Progress: 120/4039 SVGs replaced
  Progress: 130/4039 SVGs replaced
  Progress: 140/4039 SVGs replaced
  Progress: 150/4039 SVGs replaced
  Batch complete. Pausing...

Processing batch 4/81...
  Progress: 160/4039 SVGs replaced
  Progress: 170/4039 SVGs replaced
  Progress: 180/4039 SVGs replaced
  Progress: 190/4039 SVGs replaced
  Progress: 200/4039 SVGs replaced
  Batch complete. Pausing...

Processing batch 5/81...
  Progress: 210/4039 SVGs replaced
  Progress: 220/4039 SVGs replaced
  Progress: 230/4039 SVGs replaced
