🚀 Initializing 24/7 Continuous Vault Automation...

🚀 Starting all continuous agents...

✅ Started: Link Resolver
   Interval: 300s
   Continuously finds and fixes broken links

✅ Started: Content Enhancer
   Interval: 600s
   Enhances stub files and adds missing content

✅ Started: Asset Generator
   Interval: 900s
   Generates missing assets for content

✅ Started: Metadata Optimizer
   Interval: 1200s
   Optimizes frontmatter and tags

✅ Started: Git Synchronizer
   Interval: 1800s
   Auto-commits and pushes changes

✅ Started: Index Builder
   Interval: 3600s
   Rebuilds indexes and navigation

✅ Started: Quality Monitor
   Interval: 7200s
   Monitors vault health and quality

✅ Started: Backup Manager
   Interval: 21600s
   Creates incremental backups

✅ Continuous Vault Automation is running 24/7
📊 Status: 09_Performance/AUTOMATION_STATUS.md
📝 Logs: 09_Performance/continuous_logs/

Press Ctrl+C to stop

[Link Resolver] [2025-08-15T13:09:28.553Z] Link Resolver: Starting scan...
[Content Enhancer] [2025-08-15T13:09:28.553Z] Content Enhancer: Starting enhancement...
[Asset Generator] [2025-08-15T13:09:28.553Z] Asset Generator: Checking for missing assets...
[Metadata Optimizer] [2025-08-15T13:09:28.555Z] Metadata Optimizer: Starting optimization...
[Git Synchronizer] [2025-08-15T13:09:28.557Z] Git Sync: Starting synchronization...
[Index Builder] [2025-08-15T13:09:28.557Z] Index Builder: Rebuilding indexes...
[Quality Monitor] [2025-08-15T13:09:28.557Z] Quality Monitor: Running quality checks...
[Backup Manager] [2025-08-15T13:09:28.560Z] Backup Manager: Creating backup...
[Asset Generator] [2025-08-15T13:09:28.553Z] Asset Generator: Generated 3 assets
[Index Builder] [2025-08-15T13:09:28.557Z] Index Builder: Indexes rebuilt successfully
[Content Enhancer] [2025-08-15T13:09:28.553Z] Content Enhancer: Enhanced 0 files
[Git Synchronizer] [2025-08-15T13:09:28.557Z] Git Sync: Pushed changes to remote
[Metadata Optimizer] [2025-08-15T13:09:28.555Z] Metadata Optimizer: Optimized 10 files
[Link Resolver] [2025-08-15T13:09:28.553Z] Link Resolver: Fixed 0 links
[Quality Monitor] [2025-08-15T13:09:28.557Z] Quality Monitor: Check complete - 246485 broken links, 7809 stubs
[Backup Manager] [2025-08-15T13:09:28.560Z] Backup Manager: Backup created successfully
[Link Resolver] [2025-08-15T13:14:28.574Z] Link Resolver: Starting scan...
[Link Resolver] [2025-08-15T13:14:28.574Z] Link Resolver: Fixed 0 links
[Content Enhancer] [2025-08-15T13:19:28.592Z] Content Enhancer: Starting enhancement...
[Link Resolver] [2025-08-15T13:19:28.592Z] Link Resolver: Starting scan...
[Content Enhancer] [2025-08-15T13:19:28.592Z] Content Enhancer: Enhanced 0 files
[Link Resolver] [2025-08-15T13:19:28.592Z] Link Resolver: Fixed 0 links
[Asset Generator] [2025-08-15T13:24:28.570Z] Asset Generator: Checking for missing assets...
[Link Resolver] [2025-08-15T13:24:28.574Z] Link Resolver: Starting scan...
[Asset Generator] [2025-08-15T13:24:28.570Z] Asset Generator: Generated 3 assets
[Link Resolver] [2025-08-15T13:24:28.574Z] Link Resolver: Fixed 0 links
[Content Enhancer] [2025-08-15T13:29:28.568Z] Content Enhancer: Starting enhancement...
[Metadata Optimizer] [2025-08-15T13:29:28.568Z] Metadata Optimizer: Starting optimization...
[Link Resolver] [2025-08-15T13:29:28.572Z] Link Resolver: Starting scan...
[Content Enhancer] [2025-08-15T13:29:28.568Z] Content Enhancer: Enhanced 0 files
[Metadata Optimizer] [2025-08-15T13:29:28.568Z] Metadata Optimizer: Optimized 10 files
[Link Resolver] [2025-08-15T13:29:28.572Z] Link Resolver: Fixed 0 links
[Link Resolver] [2025-08-15T13:34:51.060Z] Link Resolver: Starting scan...
[Link Resolver] [2025-08-15T13:34:51.060Z] Link Resolver: Fixed 0 links
[Git Synchronizer] [2025-08-15T13:39:28.599Z] Git Sync: Starting synchronization...
[Asset Generator] [2025-08-15T13:39:28.598Z] Asset Generator: Checking for missing assets...
[Content Enhancer] [2025-08-15T13:39:28.598Z] Content Enhancer: Starting enhancement...
[Asset Generator] [2025-08-15T13:39:28.598Z] Asset Generator: Generated 3 assets
[Content Enhancer] [2025-08-15T13:39:28.598Z] Content Enhancer: Enhanced 0 files
[Git Synchronizer] [2025-08-15T13:39:28.599Z] Git Sync: Pushed changes to remote
[Link Resolver] [2025-08-15T13:39:53.585Z] Link Resolver: Starting scan...
[Link Resolver] [2025-08-15T13:39:53.585Z] Link Resolver: Fixed 0 links
[Link Resolver] [2025-08-15T13:44:53.593Z] Link Resolver: Starting scan...
[Link Resolver] [2025-08-15T13:44:53.593Z] Link Resolver: Fixed 0 links
[Content Enhancer] [2025-08-15T13:49:28.611Z] Content Enhancer: Starting enhancement...
[Metadata Optimizer] [2025-08-15T13:49:28.611Z] Metadata Optimizer: Starting optimization...
[Content Enhancer] [2025-08-15T13:49:28.611Z] Content Enhancer: Enhanced 0 files
[Metadata Optimizer] [2025-08-15T13:49:28.611Z] Metadata Optimizer: Optimized 10 files
[Link Resolver] [2025-08-15T13:49:53.578Z] Link Resolver: Starting scan...
[Link Resolver] [2025-08-15T13:49:53.578Z] Link Resolver: Fixed 0 links
[Asset Generator] [2025-08-15T13:54:28.600Z] Asset Generator: Checking for missing assets...
[Asset Generator] [2025-08-15T13:54:28.600Z] Asset Generator: Generated 3 assets
[Link Resolver] [2025-08-15T13:54:58.209Z] Link Resolver: Starting scan...
[Link Resolver] [2025-08-15T13:54:58.209Z] Link Resolver: Fixed 0 links
[Content Enhancer] [2025-08-15T13:59:35.840Z] Content Enhancer: Starting enhancement...
[Content Enhancer] [2025-08-15T13:59:35.840Z] Content Enhancer: Enhanced 0 files
[Link Resolver] [2025-08-15T13:59:59.805Z] Link Resolver: Starting scan...
[Link Resolver] [2025-08-15T13:59:59.805Z] Link Resolver: Fixed 0 links
[Link Resolver] [2025-08-15T14:05:06.349Z] Link Resolver: Starting scan...
[Link Resolver] [2025-08-15T14:05:06.349Z] Link Resolver: Fixed 0 links
[Asset Generator] [2025-08-15T14:09:28.608Z] Asset Generator: Checking for missing assets...
[Git Synchronizer] [2025-08-15T14:09:28.610Z] Git Sync: Starting synchronization...
[Index Builder] [2025-08-15T14:09:28.608Z] Index Builder: Rebuilding indexes...
[Metadata Optimizer] [2025-08-15T14:09:28.608Z] Metadata Optimizer: Starting optimization...
[Content Enhancer] [2025-08-15T14:09:28.610Z] Content Enhancer: Starting enhancement...
[Asset Generator] [2025-08-15T14:09:28.608Z] Asset Generator: Generated 3 assets
[Index Builder] [2025-08-15T14:09:28.608Z] Index Builder: Indexes rebuilt successfully
[Git Synchronizer] [2025-08-15T14:09:28.610Z] Git Sync: Pushed changes to remote
[Content Enhancer] [2025-08-15T14:09:28.610Z] Content Enhancer: Enhanced 0 files
[Metadata Optimizer] [2025-08-15T14:09:28.608Z] Metadata Optimizer: Optimized 10 files
[Link Resolver] [2025-08-15T14:21:24.384Z] Link Resolver: Starting scan...
[Content Enhancer] [2025-08-15T14:21:24.384Z] Content Enhancer: Starting enhancement...
[Content Enhancer] [2025-08-15T14:21:24.384Z] Content Enhancer: Enhanced 0 files
[Link Resolver] [2025-08-15T14:21:24.384Z] Link Resolver: Fixed 0 links
[Asset Generator] [2025-08-15T14:27:18.281Z] Asset Generator: Checking for missing assets...
[Link Resolver] [2025-08-15T14:27:18.284Z] Link Resolver: Starting scan...
[Asset Generator] [2025-08-15T14:27:18.281Z] Asset Generator: Generated 3 assets
[Link Resolver] [2025-08-15T14:27:18.284Z] Link Resolver: Fixed 0 links
[Metadata Optimizer] [2025-08-15T14:45:08.631Z] Metadata Optimizer: Starting optimization...
[Content Enhancer] [2025-08-15T14:45:08.631Z] Content Enhancer: Starting enhancement...
[Git Synchronizer] [2025-08-15T14:45:08.638Z] Git Sync: Starting synchronization...
[Link Resolver] [2025-08-15T14:45:08.637Z] Link Resolver: Starting scan...
[Asset Generator] [2025-08-15T14:45:08.637Z] Asset Generator: Checking for missing assets...
[Asset Generator] [2025-08-15T14:45:08.637Z] Asset Generator: Generated 3 assets
