[Orchestrator] Starting with concurrency=2
n8n listener on http://127.0.0.1:5679
[Stats] Runtime: 30s, Completed: 0, Failed: 0, Avg: 0s/image
[Stats] Runtime: 60s, Completed: 0, Failed: 0, Avg: 0s/image
[Stats] Runtime: 90s, Completed: 0, Failed: 0, Avg: 0s/image
[Stats] Runtime: 120s, Completed: 0, Failed: 0, Avg: 0s/image
[Stats] Runtime: 150s, Completed: 0, Failed: 0, Avg: 0s/image
[Stats] Runtime: 180s, Completed: 0, Failed: 0, Avg: 0s/image
[Stats] Runtime: 210s, Completed: 0, Failed: 0, Avg: 0s/image
[Stats] Runtime: 240s, Completed: 0, Failed: 0, Avg: 0s/image
[Stats] Runtime: 270s, Completed: 0, Failed: 0, Avg: 0s/image
[Stats] Runtime: 300s, Completed: 0, Failed: 0, Avg: 0s/image
[Stats] Runtime: 330s, Completed: 0, Failed: 0, Avg: 0s/image
[Stats] Runtime: 360s, Completed: 0, Failed: 0, Avg: 0s/image
[Stats] Runtime: 390s, Completed: 0, Failed: 0, Avg: 0s/image
[Stats] Runtime: 420s, Completed: 0, Failed: 0, Avg: 0s/image
[Stats] Runtime: 450s, Completed: 0, Failed: 0, Avg: 0s/image
[Stats] Runtime: 480s, Completed: 0, Failed: 0, Avg: 0s/image
[Stats] Runtime: 510s, Completed: 0, Failed: 0, Avg: 0s/image
node:fs:1564
  const result = binding.readdir(
                         ^

Error: ENOENT: no such file or directory, scandir '/Users/jongosussmango/Library/Mobile Documents/iCloud~md~obsidian/Documents/ObsidianTTRPGVault Experimental/09_Performance/generation_queue'
    at Object.readdirSync (node:fs:1564:26)
    at Timeout._onTimeout (/Users/jongosussmango/Library/Mobile Documents/iCloud~md~obsidian/Documents/ObsidianTTRPGVault Experimental/scripts/n8n_comfyui_automation.js:181:28)
    at listOnTimeout (node:internal/timers:608:17)
    at process.processTimers (node:internal/timers:543:7) {
  errno: -2,
  code: 'ENOENT',
  syscall: 'scandir',
  path: '/Users/jongosussmango/Library/Mobile Documents/iCloud~md~obsidian/Documents/ObsidianTTRPGVault Experimental/09_Performance/generation_queue'
}

Node.js v24.4.1
