[] auto-commit cycle
Embedded portraits into 367 People notes.
Embedded heraldry into 160 Group notes.
Embedded views into 1047 Place notes.
Upgraded 0 notes from SVG to PNG where available.
Broad enrichment across 01..07 added assets to 14 notes.
Built galleries:
 - 04_Resources/Assets/Galleries/NPC_Portraits_Gallery.md
 - 04_Resources/Assets/Galleries/Creatures_Gallery.md
 - 04_Resources/Assets/Galleries/Locations_Gallery.md
 - 04_Resources/Assets/Galleries/Scenes_Gallery.md
 - 04_Resources/Assets/Galleries/Battle_Maps_Gallery.md
 - 04_Resources/Assets/Galleries/Vehicles_&_Ships_Gallery.md
 - 04_Resources/Assets/Galleries/Faction_Symbols_&_Heraldry.md
 - 04_Resources/Assets/Galleries/In-World_Handouts_Gallery.md
 - 04_Resources/Assets/Galleries/Magical_Items_Gallery.md
 - 04_Resources/Assets/Galleries/Index.md
Upgraded images in 256 markdown files and 0 canvas files.
Auto packing the repository in background for optimum performance.
See "git help gc" for manual housekeeping.
error: bad ref for .git/logs/HEAD 3
error: bad ref for .git/logs/HEAD 2
[main a2bb12358] chore(nightly): batch assets + link/sweep
 355 files changed, 15530 insertions(+)
 create mode 100644 04_Resources/Assets/Galleries/Battle_Maps_Gallery.md
 create mode 100644 04_Resources/Assets/Galleries/Creatures_Gallery.md
 create mode 100644 04_Resources/Assets/Galleries/Faction_Symbols_&_Heraldry.md
 create mode 100644 04_Resources/Assets/Galleries/In-World_Handouts_Gallery.md
 create mode 100644 04_Resources/Assets/Galleries/Index.md
 create mode 100644 04_Resources/Assets/Galleries/Locations_Gallery.md
 create mode 100644 04_Resources/Assets/Galleries/Magical_Items_Gallery.md
 create mode 100644 04_Resources/Assets/Galleries/NPC_Portraits_Gallery.md
 create mode 100644 04_Resources/Assets/Galleries/Scenes_Gallery.md
 create mode 100644 04_Resources/Assets/Galleries/Vehicles_&_Ships_Gallery.md
 create mode 100644 04_Resources/Assets/Generated/Music/aethermoor/emotion/artificer_emotion_tension_metadata.json
 create mode 100644 04_Resources/Assets/Generated/Music/aethermoor/emotion/assets_locations_location_city_aethermoor_aethermoor_svg_emotion_victory_v2_metadata.json
 create mode 100644 04_Resources/Assets/Generated/Music/aethermoor/emotion/assets_locations_location_city_aethermoor_capital_aethermoor_capital_svg_emotion_loss_metadata.json
 create mode 100644 04_Resources/Assets/Generated/Music/aethermoor/emotion/assets_locations_location_city_aethermoor_capital_v1_aethermoor_capital_svg_emotion_mystery_v2_metadata.json
 create mode 100644 04_Resources/Assets/Generated/Music/aethermoor/emotion/assets_locations_location_city_aethermoor_v1_aethermoor_svg_emotion_discovery_metadata.json
 create mode 100644 04_Resources/Assets/Generated/Music/aquabyssos/emotion/archkeeper_nereon_emotion_victory_metadata.json
 create mode 100644 04_Resources/Assets/Generated/Music/generic/emotion/arsenal_keeper_thane_ironwill_emotion_loss_v2_metadata.json
 create mode 100644 04_Resources/Assets/Generated/Music/generic/emotion/artificer_magnus_weightless_emotion_mystery_metadata.json
 create mode 100644 04_Resources/Assets/Generated/Music/generic/emotion/artificer_s_row_emotion_discovery_v2_metadata.json
 create mode 100644 04_Resources/Assets/Generated/Music/generic/emotion/artificers__consortium_emotion_victory_v2_metadata.json
 create mode 100644 04_Resources/Assets/Generated/Music/generic/emotion/artisan_associations_emotion_loss_metadata.json
 create mode 100644 04_Resources/Assets/Generated/Music/generic/emotion/artisan_felix_reefwright_emotion_mystery_v2_metadata.json
 create mode 100644 04_Resources/Assets/Generated/Music/generic/emotion/artisan_glow_finger_nerida_emotion_discovery_metadata.json
 create mode 100644 04_Resources/Assets/Generated/Music/generic/emotion/artist_wave_creator_emotion_tension_v2_metadata.json
 create mode 100644 04_Resources/Assets/Generated/Music/generic/emotion/artistic_communities_emotion_victory_metadata.json
 create mode 100644 04_Resources/Assets/Generated/Music/generic/emotion/arts_communities_emotion_loss_v2_metadata.json
 create mode 100644 04_Resources/Assets/Generated/Music/generic/emotion/assets_art_port_meridian_harbor_district_png_emotion_mystery_metadata.json
 create mode 100644 04_Resources/Assets/Generated/Music/generic/emotion/assets_handouts_handout_handout_temple_prayer_sheet_temple_prayer_sheet_png_emotion_discovery_v2_metadata.json
 create mode 100644 04_Resources/Assets/Generated/Music/generic/emotion/assets_handouts_handout_handout_temple_prayer_sheet_v1_temple_prayer_sheet_png_emotion_tension_metadata.json
 create mode 100644 04_Resources/Assets/Generated/Music/generic/emotion/assets_handouts_handout_handout_temple_prayer_sheet_v2_temple_prayer_sheet_png_emotion_victory_v2_metadata.json
 create mode 100644 04_Resources/Assets/Generated/Music/generic/emotion/assets_handouts_handout_handout_temple_prayer_sheet_v3_temple_prayer_sheet_png_emotion_loss_metadata.json
 create mode 100644 04_Resources/Assets/Generated/Music/generic/emotion/assets_locations_location_city_aboleth_adjunct_yzz_aboleth_adjunct_yzz_svg_emotion_mystery_v2_metadata.json
 create mode 100644 04_Resources/Assets/Generated/Music/generic/emotion/assets_locations_location_city_aboleth_adjunct_yzz_v1_aboleth_adjunct_yzz_svg_emotion_discovery_metadata.json
 create mode 100644 04_Resources/Assets/Generated/Music/generic/emotion/assets_locations_location_city_abyss_currentbinder_abyss_currentbinder_svg_emotion_tension_v2_metadata.json
 create mode 100644 04_Resources/Assets/Generated/Music/generic/emotion/assets_locations_location_city_abyss_currentbinder_v1_abyss_currentbinder_svg_emotion_victory_metadata.json
 create mode 100644 04_Resources/Assets/Generated/Music/generic/emotion/assets_locations_location_city_abyssal_crystals_abyssal_crystals_svg_emotion_loss_v2_metadata.json
 create mode 100644 04_Resources/Assets/Generated/Music/generic/emotion/assets_locations_location_city_abyssal_crystals_v1_abyssal_crystals_svg_emotion_mystery_metadata.json
 create mode 100644 04_Resources/Assets/Generated/Music/generic/emotion/assets_locations_location_city_abyssal_territories_abyssal_territories_svg_emotion_discovery_v2_metadata.json
 create mode 100644 04_Resources/Assets/Generated/Music/generic/emotion/assets_locations_location_city_abyssal_territories_v1_abyssal_territories_svg_emotion_tension_metadata.json
 create mode 100644 04_Resources/Assets/Generated/Music/generic/emotion/assets_locations_location_city_abyssos_prime_2_abyssos_prime_2_svg_emotion_victory_v2_metadata.json
 create mode 100644 04_Resources/Assets/Generated/Music/generic/emotion/assets_locations_location_city_abyssos_prime_2_v1_abyssos_prime_2_svg_emotion_loss_metadata.json
 create mode 100644 04_Resources/Assets/Generated/Music/generic/emotion/assets_locations_location_city_abyssos_prime_abyssos_prime_svg_emotion_mystery_v2_metadata.json
 create mode 100644 04_Resources/Assets/Generated/Music/generic/emotion/assets_locations_location_city_abyssos_prime_docks_abyssos_prime_docks_svg_emotion_discovery_metadata.json
 create mode 100644 04_Resources/Assets/Generated/Music/generic/emotion/assets_locations_location_city_abyssos_prime_docks_v1_abyssos_prime_docks_svg_emotion_tension_v2_metadata.json
 create mode 100644 04_Resources/Assets/Generated/Music/generic/emotion/assets_locations_location_city_abyssos_prime_inverse_palace_abyssos_prime_inverse_palace_svg_emotion_victory_metadata.json
 create mode 100644 04_Resources/Assets/Generated/Music/generic/emotion/assets_locations_location_city_abyssos_prime_inverse_palace_v1_abyssos_prime_inverse_palace_svg_emotion_loss_v2_metadata.json
 create mode 100644 04_Resources/Assets/Generated/Music/generic/emotion/assets_locations_location_city_abyssos_prime_pressure_terminal_abyssos_prime_pressure_terminal_svg_emotion_mystery_metadata.json
 create mode 100644 04_Resources/Assets/Generated/Music/generic/emotion/assets_locations_location_city_abyssos_prime_pressure_terminal_v1_abyssos_prime_pressure_terminal_svg_emotion_discovery_v2_metadata.json
 create mode 100644 04_Resources/Assets/Generated/Music/generic/emotion/assets_locations_location_city_abyssos_prime_upper_districts_abyssos_prime_upper_districts_png_emotion_tension_metadata.json
 create mode 100644 04_Resources/Assets/Generated/Music/generic/emotion/assets_locations_location_city_abyssos_prime_upper_districts_v1_abyssos_prime_upper_districts_png_emotion_victory_v2_metadata.json
 create mode 100644 04_Resources/Assets/Generated/Music/generic/emotion/assets_locations_location_city_abyssos_prime_v1_abyssos_prime_svg_emotion_loss_metadata.json
 create mode 100644 04_Resources/Assets/Generated/Music/generic/emotion/assets_locations_location_city_acolyte_sister_tidal_deepfaith_acolyte_sister_tidal_deepfaith_svg_emotion_mystery_v2_metadata.json
 create mode 100644 04_Resources/Assets/Generated/Music/generic/emotion/assets_locations_location_city_acolyte_sister_tidal_deepfaith_v1_acolyte_sister_tidal_deepfaith_svg_emotion_discovery_metadata.json
 create mode 100644 04_Resources/Assets/Generated/Music/generic/emotion/assets_locations_location_city_administrative_wing_administrative_wing_svg_emotion_tension_v2_metadata.json
 create mode 100644 04_Resources/Assets/Generated/Music/generic/emotion/assets_locations_location_city_administrative_wing_v1_administrative_wing_svg_emotion_victory_metadata.json
 create mode 100644 04_Resources/Assets/Generated/Music/generic/emotion/assets_locations_location_city_adult_education_programs_adult_education_programs_svg_emotion_loss_v2_metadata.json
 create mode 100644 04_Resources/Assets/Generated/Music/generic/emotion/assets_locations_location_city_adult_education_programs_v1_adult_education_programs_svg_emotion_mystery_metadata.json
 create mode 100644 04_Resources/Assets/Generated/Music/generic/emotion/assets_locations_location_city_adventure_boldexplorer_adventure_boldexplorer_svg_emotion_discovery_v2_metadata.json
 create mode 100644 04_Resources/Assets/Generated/Music/generic/emotion/assets_locations_location_city_adventure_boldexplorer_v1_adventure_boldexplorer_svg_emotion_tension_metadata.json
 create mode 100644 04_Resources/Assets/Generated/Music/generic/emotion/assets_locations_location_city_age_of_wonders_age_of_wonders_svg_emotion_tension_v2_metadata.json
 create mode 100644 04_Resources/Assets/Generated/Music/generic/emotion/assets_locations_location_city_age_of_wonders_v1_age_of_wonders_svg_emotion_victory_metadata.json
 create mode 100644 04_Resources/Assets/Generated/Music/generic/emotion/assets_locations_location_city_alternative_path_fled_city_alternative_path_fled_city_svg_emotion_loss_v2_metadata.json
 create mode 100644 04_Resources/Assets/Generated/Music/generic/emotion/assets_locations_location_city_alternative_path_fled_city_v1_alternative_path_fled_city_svg_emotion_mystery_metadata.json
 create mode 100644 04_Resources/Assets/Generated/Music/generic/emotion/assets_locations_location_city_ambassador_marina_bridgewater_ambassador_marina_bridgewater_svg_emotion_discovery_v2_metadata.json
 create mode 100644 04_Resources/Assets/Generated/Music/generic/emotion/assets_locations_location_city_ambassador_marina_bridgewater_v1_ambassador_marina_bridgewater_svg_emotion_tension_metadata.json
 create mode 100644 04_Resources/Assets/Generated/Music/generic/emotion/assets_locations_location_city_ambassador_mark_exchangekeeper_ambassador_mark_exchangekeeper_svg_emotion_victory_v2_metadata.json
 create mode 100644 04_Resources/Assets/Generated/Music/generic/emotion/assets_locations_location_city_ambassador_mark_exchangekeeper_v1_ambassador_mark_exchangekeeper_svg_emotion_loss_metadata.json
 create mode 100644 04_Resources/Assets/Generated/Music/generic/emotion/assets_locations_location_city_ambassador_reed_treatymaker_ambassador_reed_treatymaker_svg_emotion_mystery_v2_metadata.json
 create mode 100644 04_Resources/Assets/Generated/Music/generic/emotion/assets_locations_location_city_ambassador_reed_treatymaker_v1_ambassador_reed_treatymaker_svg_emotion_discovery_metadata.json
 create mode 100644 04_Resources/Assets/Generated/Music/generic/emotion/assets_locations_location_city_ambassador_silk_bridgewater_ambassador_silk_bridgewater_svg_emotion_tension_v2_metadata.json
 create mode 100644 04_Resources/Assets/Generated/Music/generic/emotion/assets_locations_location_city_ambassador_silk_bridgewater_v1_ambassador_silk_bridgewater_svg_emotion_victory_metadata.json
 create mode 100644 04_Resources/Assets/Generated/Music/generic/emotion/assets_locations_location_city_amnesia_gallery_amnesia_gallery_svg_emotion_loss_v2_metadata.json
 create mode 100644 04_Resources/Assets/Generated/Music/generic/emotion/assets_locations_location_city_amnesia_gallery_v1_amnesia_gallery_svg_emotion_mystery_metadata.json
 create mode 100644 04_Resources/Assets/Generated/Music/generic/emotion/assets_locations_location_city_anchor_stronghaul_anchor_stronghaul_svg_emotion_discovery_v2_metadata.json
 create mode 100644 04_Resources/Assets/Generated/Music/generic/emotion/assets_locations_location_city_anchor_stronghaul_v1_anchor_stronghaul_svg_emotion_tension_metadata.json
To https://github.com/BippleDops/Veridia.git
   4dd8192f2..a2bb12358  main -> main
