[2025-08-14T23:52:48.489Z] [INFO] 
🚀 VAULT BATCH ASSET GENERATOR
[2025-08-14T23:52:48.491Z] [INFO] ================================

[2025-08-14T23:52:48.491Z] [INFO] Loaded progress: 260 assets already processed
[2025-08-14T23:52:48.491Z] [INFO] 📂 Scanning vault for files needing assets...
[2025-08-14T23:52:48.491Z] [INFO]   Scanning 01_Adventures...
[2025-08-14T23:52:48.496Z] [INFO]   Scanning 02_Worldbuilding...
[2025-08-14T23:52:48.883Z] [INFO]   Scanning 03_Mechanics...
[2025-08-14T23:52:48.884Z] [INFO]   Scanning 06_GM_Resources...
[2025-08-14T23:52:48.884Z] [INFO] 
✅ Scan complete: 8640 assets to generate
[2025-08-14T23:52:48.884Z] [INFO] 
🎨 Starting batch generation (batch size: 10)
[2025-08-14T23:52:48.885Z] [INFO] 
📦 Processing batch 1 (10 assets)
[2025-08-14T23:52:48.885Z] [INFO]   [1/10] The Crystal Cult
[2025-08-14T23:52:48.885Z] [INFO] Generating asset for: The Crystal Cult
[2025-08-14T23:52:48.885Z] [INFO]   Prompt: The crystal cult, high fantasy, medieval, magical, enchanted, vibrant, natural colors, magical auras...
[2025-08-14T23:52:54.923Z] [INFO]   ✅ Generated: /Users/jongosussmango/Library/Mobile Documents/iCloud~md~obsidian/Documents/ObsidianTTRPGVault Experimental/04_Resources/Assets/Generated/Misc/the_crystal_cult.png
[2025-08-14T23:52:57.924Z] [INFO]   [2/10] The Forgetting Cult
[2025-08-14T23:52:57.924Z] [INFO] Generating asset for: The Forgetting Cult
[2025-08-14T23:52:57.925Z] [INFO]   Prompt: The forgetting cult, high fantasy, medieval, magical, enchanted, vibrant, natural colors, magical au...
[2025-08-14T23:53:04.941Z] [INFO]   ✅ Generated: /Users/jongosussmango/Library/Mobile Documents/iCloud~md~obsidian/Documents/ObsidianTTRPGVault Experimental/04_Resources/Assets/Generated/Misc/the_forgetting_cult.png
[2025-08-14T23:53:07.941Z] [INFO]   [3/10] The Leviathan Cult
[2025-08-14T23:53:07.941Z] [INFO] Generating asset for: The Leviathan Cult
[2025-08-14T23:53:07.941Z] [INFO]   Prompt: The leviathan cult, high fantasy, medieval, magical, enchanted, vibrant, natural colors, magical aur...
[2025-08-14T23:53:14.957Z] [INFO]   ✅ Generated: /Users/jongosussmango/Library/Mobile Documents/iCloud~md~obsidian/Documents/ObsidianTTRPGVault Experimental/04_Resources/Assets/Generated/Misc/the_leviathan_cult.png
[2025-08-14T23:53:17.958Z] [INFO]   [4/10] Void Touched Cult
[2025-08-14T23:53:17.958Z] [INFO] Generating asset for: Void Touched Cult
[2025-08-14T23:53:17.959Z] [INFO]   Prompt: Void touched cult, high fantasy, medieval, magical, enchanted, vibrant, natural colors, magical aura...
[2025-08-14T23:53:24.975Z] [INFO]   ✅ Generated: /Users/jongosussmango/Library/Mobile Documents/iCloud~md~obsidian/Documents/ObsidianTTRPGVault Experimental/04_Resources/Assets/Generated/Misc/void_touched_cult.png
[2025-08-14T23:53:27.976Z] [INFO]   [5/10] Cultural Ambassador Bridge-Builder
[2025-08-14T23:53:27.977Z] [INFO] Generating asset for: Cultural Ambassador Bridge-Builder
[2025-08-14T23:53:27.977Z] [INFO]   Prompt: Cultural ambassador bridge-builder, high fantasy, medieval, magical, enchanted, vibrant, natural col...
[2025-08-14T23:53:34.991Z] [INFO]   ✅ Generated: /Users/jongosussmango/Library/Mobile Documents/iCloud~md~obsidian/Documents/ObsidianTTRPGVault Experimental/04_Resources/Assets/Generated/Misc/cultural_ambassador_bridge_builder.png
[2025-08-14T23:53:37.991Z] [INFO]   [6/10] Cultural Integration Council
[2025-08-14T23:53:37.991Z] [INFO] Generating asset for: Cultural Integration Council
[2025-08-14T23:53:37.991Z] [INFO]   Prompt: Cultural integration council, high fantasy, medieval, magical, enchanted, vibrant, natural colors, m...
[2025-08-14T23:53:46.007Z] [INFO]   ✅ Generated: /Users/jongosussmango/Library/Mobile Documents/iCloud~md~obsidian/Documents/ObsidianTTRPGVault Experimental/04_Resources/Assets/Generated/Misc/cultural_integration_council.png
[2025-08-14T23:53:49.008Z] [INFO]   [7/10] Cross-Cultural Adaptation Technique
[2025-08-14T23:53:49.008Z] [INFO] Generating asset for: Cross-Cultural Adaptation Technique
[2025-08-14T23:53:49.008Z] [INFO]   Prompt: Cross-cultural adaptation technique, high fantasy, medieval, magical, enchanted, vibrant, natural co...
[2025-08-14T23:53:56.028Z] [INFO]   ✅ Generated: /Users/jongosussmango/Library/Mobile Documents/iCloud~md~obsidian/Documents/ObsidianTTRPGVault Experimental/04_Resources/Assets/Generated/Misc/cross_cultural_adaptation_technique.png
[2025-08-14T23:53:59.028Z] [INFO]   [8/10] Cross-Cultural Adaptation Techniques
[2025-08-14T23:53:59.028Z] [INFO] Generating asset for: Cross-Cultural Adaptation Techniques
[2025-08-14T23:53:59.028Z] [INFO]   Prompt: Cross-cultural adaptation techniques, high fantasy, medieval, magical, enchanted, vibrant, natural c...
[2025-08-14T23:54:06.043Z] [INFO]   ✅ Generated: /Users/jongosussmango/Library/Mobile Documents/iCloud~md~obsidian/Documents/ObsidianTTRPGVault Experimental/04_Resources/Assets/Generated/Misc/cross_cultural_adaptation_techniques.png
[2025-08-14T23:54:09.043Z] [INFO]   [9/10] Cross-Cultural Business Development Society
[2025-08-14T23:54:09.044Z] [INFO] Generating asset for: Cross-Cultural Business Development Society
[2025-08-14T23:54:09.044Z] [INFO]   Prompt: Cross-cultural business development society, high fantasy, medieval, magical, enchanted, vibrant, na...
[2025-08-14T23:54:17.078Z] [INFO]   ✅ Generated: /Users/jongosussmango/Library/Mobile Documents/iCloud~md~obsidian/Documents/ObsidianTTRPGVault Experimental/04_Resources/Assets/Generated/Misc/cross_cultural_business_development_society.png
[2025-08-14T23:54:20.079Z] [INFO]   [10/10] Cultural Advisor Coral Bridgebuilde
[2025-08-14T23:54:20.080Z] [INFO] Generating asset for: Cultural Advisor Coral Bridgebuilde
[2025-08-14T23:54:20.080Z] [INFO]   Prompt: Cultural advisor coral bridgebuilde, high fantasy, medieval, magical, enchanted, vibrant, natural co...
[2025-08-14T23:54:27.095Z] [INFO]   ✅ Generated: /Users/jongosussmango/Library/Mobile Documents/iCloud~md~obsidian/Documents/ObsidianTTRPGVault Experimental/04_Resources/Assets/Generated/Misc/cultural_advisor_coral_bridgebuilde.png
[2025-08-14T23:54:27.096Z] [INFO] 
📊 Statistics:
[2025-08-14T23:54:27.096Z] [INFO]   Files scanned: 12439
[2025-08-14T23:54:27.096Z] [INFO]   Assets queued: 8640
[2025-08-14T23:54:27.096Z] [INFO]   Assets generated: 10
[2025-08-14T23:54:27.096Z] [INFO]   Assets failed: 0
[2025-08-14T23:54:27.096Z] [INFO]   Generation rate: 6.1 assets/min
[2025-08-14T23:54:27.096Z] [INFO]   Time elapsed: 1.6 minutes
[2025-08-14T23:54:27.096Z] [INFO] 
⏳ Waiting 15s before next batch...
[2025-08-14T23:54:42.097Z] [INFO] 
📦 Processing batch 2 (10 assets)
[2025-08-14T23:54:42.098Z] [INFO]   [1/10] Cultural Exchange Society
[2025-08-14T23:54:42.098Z] [INFO] Generating asset for: Cultural Exchange Society
[2025-08-14T23:54:42.098Z] [INFO]   Prompt: Cultural exchange society, high fantasy, medieval, magical, enchanted, vibrant, natural colors, magi...
[2025-08-14T23:54:48.115Z] [INFO]   ✅ Generated: /Users/jongosussmango/Library/Mobile Documents/iCloud~md~obsidian/Documents/ObsidianTTRPGVault Experimental/04_Resources/Assets/Generated/Misc/cultural_exchange_society.png
[2025-08-14T23:54:51.117Z] [INFO]   [2/10] Cultural Festival
[2025-08-14T23:54:51.117Z] [INFO] Generating asset for: Cultural Festival
[2025-08-14T23:54:51.117Z] [INFO]   Prompt: Cultural festival, high fantasy, medieval, magical, enchanted, vibrant, natural colors, magical aura...
[2025-08-14T23:54:59.144Z] [INFO]   ✅ Generated: /Users/jongosussmango/Library/Mobile Documents/iCloud~md~obsidian/Documents/ObsidianTTRPGVault Experimental/04_Resources/Assets/Generated/Misc/cultural_festival.png
[2025-08-14T23:55:02.146Z] [INFO]   [3/10] Cultural Guide
[2025-08-14T23:55:02.146Z] [INFO] Generating asset for: Cultural Guide
[2025-08-14T23:55:02.146Z] [INFO]   Prompt: Cultural guide, high fantasy, medieval, magical, enchanted, vibrant, natural colors, magical auras, ...
[2025-08-14T23:55:10.164Z] [INFO]   ✅ Generated: /Users/jongosussmango/Library/Mobile Documents/iCloud~md~obsidian/Documents/ObsidianTTRPGVault Experimental/04_Resources/Assets/Generated/Misc/cultural_guide.png
[2025-08-14T23:55:13.165Z] [INFO]   [4/10] Cultural Heritage Center
[2025-08-14T23:55:13.165Z] [INFO] Generating asset for: Cultural Heritage Center
[2025-08-14T23:55:13.166Z] [INFO]   Prompt: Cultural heritage center, high fantasy, medieval, magical, enchanted, vibrant, natural colors, magic...
[2025-08-14T23:55:22.211Z] [INFO]   ✅ Generated: /Users/jongosussmango/Library/Mobile Documents/iCloud~md~obsidian/Documents/ObsidianTTRPGVault Experimental/04_Resources/Assets/Generated/Misc/cultural_heritage_center.png
[2025-08-14T23:55:25.212Z] [INFO]   [5/10] Cultural Integration Trade Associatio
[2025-08-14T23:55:25.212Z] [INFO] Generating asset for: Cultural Integration Trade Associatio
[2025-08-14T23:55:25.212Z] [INFO]   Prompt: Cultural integration trade associatio, high fantasy, medieval, magical, enchanted, vibrant, natural ...
[2025-08-14T23:55:34.231Z] [INFO]   ✅ Generated: /Users/jongosussmango/Library/Mobile Documents/iCloud~md~obsidian/Documents/ObsidianTTRPGVault Experimental/04_Resources/Assets/Generated/Misc/cultural_integration_trade_associatio.png
[2025-08-14T23:55:37.231Z] [INFO]   [6/10] Cultural Integration
[2025-08-14T23:55:37.232Z] [INFO] Generating asset for: Cultural Integration
[2025-08-14T23:55:37.232Z] [INFO]   Prompt: Cultural integration, high fantasy, medieval, magical, enchanted, vibrant, natural colors, magical a...
[2025-08-14T23:55:46.254Z] [INFO]   ✅ Generated: /Users/jongosussmango/Library/Mobile Documents/iCloud~md~obsidian/Documents/ObsidianTTRPGVault Experimental/04_Resources/Assets/Generated/Misc/cultural_integration.png
[2025-08-14T23:55:49.255Z] [INFO]   [7/10] Cultural Markets
[2025-08-14T23:55:49.256Z] [INFO] Generating asset for: Cultural Markets
[2025-08-14T23:55:49.256Z] [INFO]   Prompt: Cultural markets, high fantasy, medieval, magical, enchanted, vibrant, natural colors, magical auras...
[2025-08-14T23:55:58.277Z] [INFO]   ✅ Generated: /Users/jongosussmango/Library/Mobile Documents/iCloud~md~obsidian/Documents/ObsidianTTRPGVault Experimental/04_Resources/Assets/Generated/Misc/cultural_markets.png
[2025-08-14T23:56:01.278Z] [INFO]   [8/10] Cultural Mediatio
[2025-08-14T23:56:01.278Z] [INFO] Generating asset for: Cultural Mediatio
[2025-08-14T23:56:01.279Z] [INFO]   Prompt: Cultural mediatio, high fantasy, medieval, magical, enchanted, vibrant, natural colors, magical aura...
[2025-08-14T23:56:10.298Z] [INFO]   ✅ Generated: /Users/jongosussmango/Library/Mobile Documents/iCloud~md~obsidian/Documents/ObsidianTTRPGVault Experimental/04_Resources/Assets/Generated/Misc/cultural_mediatio.png
[2025-08-14T23:56:13.299Z] [INFO]   [9/10] Cultural Mediation
[2025-08-14T23:56:13.299Z] [INFO] Generating asset for: Cultural Mediation
[2025-08-14T23:56:13.299Z] [INFO]   Prompt: Cultural mediation, high fantasy, medieval, magical, enchanted, vibrant, natural colors, magical aur...
[2025-08-14T23:56:22.322Z] [INFO]   ✅ Generated: /Users/jongosussmango/Library/Mobile Documents/iCloud~md~obsidian/Documents/ObsidianTTRPGVault Experimental/04_Resources/Assets/Generated/Misc/cultural_mediation.png
[2025-08-14T23:56:25.323Z] [INFO]   [10/10] Cultural Mediator Coral Windweave
[2025-08-14T23:56:25.324Z] [INFO] Generating asset for: Cultural Mediator Coral Windweave
[2025-08-14T23:56:25.324Z] [INFO]   Prompt: Cultural mediator coral windweave, high fantasy, medieval, magical, enchanted, vibrant, natural colo...
[2025-08-14T23:56:34.347Z] [INFO]   ✅ Generated: /Users/jongosussmango/Library/Mobile Documents/iCloud~md~obsidian/Documents/ObsidianTTRPGVault Experimental/04_Resources/Assets/Generated/Misc/cultural_mediator_coral_windweave.png
[2025-08-14T23:56:34.347Z] [INFO] 
📊 Statistics:
[2025-08-14T23:56:34.347Z] [INFO]   Files scanned: 12439
[2025-08-14T23:56:34.347Z] [INFO]   Assets queued: 8640
[2025-08-14T23:56:34.348Z] [INFO]   Assets generated: 20
[2025-08-14T23:56:34.348Z] [INFO]   Assets failed: 0
[2025-08-14T23:56:34.348Z] [INFO]   Generation rate: 5.3 assets/min
[2025-08-14T23:56:34.348Z] [INFO]   Time elapsed: 3.8 minutes
[2025-08-14T23:56:34.348Z] [INFO] 
⏳ Waiting 15s before next batch...
[2025-08-14T23:56:49.349Z] [INFO] 
📦 Processing batch 3 (10 assets)
[2025-08-14T23:56:49.352Z] [INFO]   [1/10] Cultural Ministry
[2025-08-14T23:56:49.352Z] [INFO] Generating asset for: Cultural Ministry
[2025-08-14T23:56:49.352Z] [INFO]   Prompt: Cultural ministry, high fantasy, medieval, magical, enchanted, vibrant, natural colors, magical aura...
[2025-08-14T23:56:55.367Z] [INFO]   ✅ Generated: /Users/jongosussmango/Library/Mobile Documents/iCloud~md~obsidian/Documents/ObsidianTTRPGVault Experimental/04_Resources/Assets/Generated/Misc/cultural_ministry.png
[2025-08-14T23:56:58.367Z] [INFO]   [2/10] Cultural Organizations
[2025-08-14T23:56:58.367Z] [INFO] Generating asset for: Cultural Organizations
[2025-08-14T23:56:58.367Z] [INFO]   Prompt: Cultural organizations, high fantasy, medieval, magical, enchanted, vibrant, natural colors, magical...
[2025-08-14T23:57:06.382Z] [INFO]   ✅ Generated: /Users/jongosussmango/Library/Mobile Documents/iCloud~md~obsidian/Documents/ObsidianTTRPGVault Experimental/04_Resources/Assets/Generated/Misc/cultural_organizations.png
[2025-08-14T23:57:09.383Z] [INFO]   [3/10] Cultural Patro
[2025-08-14T23:57:09.383Z] [INFO] Generating asset for: Cultural Patro
[2025-08-14T23:57:09.384Z] [INFO]   Prompt: Cultural patro, high fantasy, medieval, magical, enchanted, vibrant, natural colors, magical auras, ...
[2025-08-14T23:57:18.400Z] [INFO]   ✅ Generated: /Users/jongosussmango/Library/Mobile Documents/iCloud~md~obsidian/Documents/ObsidianTTRPGVault Experimental/04_Resources/Assets/Generated/Misc/cultural_patro.png
[2025-08-14T23:57:21.402Z] [INFO]   [4/10] Cultural Patron
[2025-08-14T23:57:21.402Z] [INFO] Generating asset for: Cultural Patron
[2025-08-14T23:57:21.403Z] [INFO]   Prompt: Cultural patron, high fantasy, medieval, magical, enchanted, vibrant, natural colors, magical auras,...
[2025-08-14T23:57:29.430Z] [INFO]   ✅ Generated: /Users/jongosussmango/Library/Mobile Documents/iCloud~md~obsidian/Documents/ObsidianTTRPGVault Experimental/04_Resources/Assets/Generated/Misc/cultural_patron.png
[2025-08-14T23:57:32.430Z] [INFO]   [5/10] Cultural Practices
[2025-08-14T23:57:32.430Z] [INFO] Generating asset for: Cultural Practices
[2025-08-14T23:57:32.431Z] [INFO]   Prompt: Cultural practices, high fantasy, medieval, magical, enchanted, vibrant, natural colors, magical aur...
[2025-08-14T23:57:40.446Z] [INFO]   ✅ Generated: /Users/jongosussmango/Library/Mobile Documents/iCloud~md~obsidian/Documents/ObsidianTTRPGVault Experimental/04_Resources/Assets/Generated/Misc/cultural_practices.png
[2025-08-14T23:57:43.447Z] [INFO]   [6/10] Cultural Studies Program
[2025-08-14T23:57:43.447Z] [INFO] Generating asset for: Cultural Studies Program
[2025-08-14T23:57:43.447Z] [INFO]   Prompt: Cultural studies program, high fantasy, medieval, magical, enchanted, vibrant, natural colors, magic...
[2025-08-14T23:57:51.491Z] [INFO]   ✅ Generated: /Users/jongosussmango/Library/Mobile Documents/iCloud~md~obsidian/Documents/ObsidianTTRPGVault Experimental/04_Resources/Assets/Generated/Misc/cultural_studies_program.png
[2025-08-14T23:57:54.493Z] [INFO]   [7/10] Cultural Studies Programs
[2025-08-14T23:57:54.494Z] [INFO] Generating asset for: Cultural Studies Programs
[2025-08-14T23:57:54.494Z] [INFO]   Prompt: Cultural studies programs, high fantasy, medieval, magical, enchanted, vibrant, natural colors, magi...
[2025-08-14T23:58:03.515Z] [INFO]   ✅ Generated: /Users/jongosussmango/Library/Mobile Documents/iCloud~md~obsidian/Documents/ObsidianTTRPGVault Experimental/04_Resources/Assets/Generated/Misc/cultural_studies_programs.png
[2025-08-14T23:58:06.517Z] [INFO]   [8/10] Cultural-Sage Deep-Memor
[2025-08-14T23:58:06.518Z] [INFO] Generating asset for: Cultural-Sage Deep-Memor
[2025-08-14T23:58:06.518Z] [INFO]   Prompt: Cultural-sage deep-memor, high fantasy, medieval, magical, enchanted, vibrant, natural colors, magic...
[2025-08-14T23:58:14.535Z] [INFO]   ✅ Generated: /Users/jongosussmango/Library/Mobile Documents/iCloud~md~obsidian/Documents/ObsidianTTRPGVault Experimental/04_Resources/Assets/Generated/Misc/cultural_sage_deep_memor.png
[2025-08-14T23:58:17.536Z] [INFO]   [9/10] Deep-Sea Cultural Protocol
[2025-08-14T23:58:17.537Z] [INFO] Generating asset for: Deep-Sea Cultural Protocol
[2025-08-14T23:58:17.537Z] [INFO]   Prompt: Deep-sea cultural protocol, high fantasy, medieval, magical, enchanted, vibrant, natural colors, mag...
[2025-08-14T23:58:25.584Z] [INFO]   ✅ Generated: /Users/jongosussmango/Library/Mobile Documents/iCloud~md~obsidian/Documents/ObsidianTTRPGVault Experimental/04_Resources/Assets/Generated/Misc/deep_sea_cultural_protocol.png
[2025-08-14T23:58:28.587Z] [INFO]   [10/10] Deep Mining Guild
[2025-08-14T23:58:28.588Z] [INFO] Generating asset for: Deep Mining Guild
[2025-08-14T23:58:28.588Z] [INFO]   Prompt: Deep mining guild, high fantasy, medieval, magical, enchanted, vibrant, natural colors, magical aura...
[2025-08-14T23:58:36.612Z] [INFO]   ✅ Generated: /Users/jongosussmango/Library/Mobile Documents/iCloud~md~obsidian/Documents/ObsidianTTRPGVault Experimental/04_Resources/Assets/Generated/Misc/deep_mining_guild.png
[2025-08-14T23:58:36.612Z] [INFO] 
📊 Statistics:
[2025-08-14T23:58:36.612Z] [INFO]   Files scanned: 12439
[2025-08-14T23:58:36.613Z] [INFO]   Assets queued: 8640
[2025-08-14T23:58:36.613Z] [INFO]   Assets generated: 30
[2025-08-14T23:58:36.613Z] [INFO]   Assets failed: 0
[2025-08-14T23:58:36.613Z] [INFO]   Generation rate: 5.2 assets/min
[2025-08-14T23:58:36.613Z] [INFO]   Time elapsed: 5.8 minutes
[2025-08-14T23:58:36.613Z] [INFO] 
⏳ Waiting 15s before next batch...
[2025-08-14T23:58:51.613Z] [INFO] 
📦 Processing batch 4 (10 assets)
[2025-08-14T23:58:51.613Z] [INFO]   [1/10] Deep-Sea Agricultural Research Institut
[2025-08-14T23:58:51.614Z] [INFO] Generating asset for: Deep-Sea Agricultural Research Institut
[2025-08-14T23:58:51.614Z] [INFO]   Prompt: Deep-sea agricultural research institut, high fantasy, medieval, magical, enchanted, vibrant, natura...
[2025-08-14T23:58:57.633Z] [INFO]   ✅ Generated: /Users/jongosussmango/Library/Mobile Documents/iCloud~md~obsidian/Documents/ObsidianTTRPGVault Experimental/04_Resources/Assets/Generated/Misc/deep_sea_agricultural_research_institut.png
[2025-08-14T23:59:00.634Z] [INFO]   [2/10] Depth Cardinal Wisdom Voidseeke
[2025-08-14T23:59:00.634Z] [INFO] Generating asset for: Depth Cardinal Wisdom Voidseeke
[2025-08-14T23:59:00.634Z] [INFO]   Prompt: Depth cardinal wisdom voidseeke, high fantasy, medieval, magical, enchanted, vibrant, natural colors...
[2025-08-14T23:59:08.651Z] [INFO]   ✅ Generated: /Users/jongosussmango/Library/Mobile Documents/iCloud~md~obsidian/Documents/ObsidianTTRPGVault Experimental/04_Resources/Assets/Generated/Misc/depth_cardinal_wisdom_voidseeke.png
[2025-08-14T23:59:11.652Z] [INFO]   [3/10] Depth Safety Authorit
[2025-08-14T23:59:11.652Z] [INFO] Generating asset for: Depth Safety Authorit
[2025-08-14T23:59:11.653Z] [INFO]   Prompt: Depth safety authorit, high fantasy, medieval, magical, enchanted, vibrant, natural colors, magical ...
[2025-08-14T23:59:19.672Z] [INFO]   ✅ Generated: /Users/jongosussmango/Library/Mobile Documents/iCloud~md~obsidian/Documents/ObsidianTTRPGVault Experimental/04_Resources/Assets/Generated/Misc/depth_safety_authorit.png
[2025-08-14T23:59:22.674Z] [INFO]   [4/10] Deputy Archmerchant Scroll Deepmin
[2025-08-14T23:59:22.674Z] [INFO] Generating asset for: Deputy Archmerchant Scroll Deepmin
[2025-08-14T23:59:22.675Z] [INFO]   Prompt: Deputy archmerchant scroll deepmin, high fantasy, medieval, magical, enchanted, vibrant, natural col...
[2025-08-14T23:59:30.689Z] [INFO]   ✅ Generated: /Users/jongosussmango/Library/Mobile Documents/iCloud~md~obsidian/Documents/ObsidianTTRPGVault Experimental/04_Resources/Assets/Generated/Misc/deputy_archmerchant_scroll_deepmin.png
[2025-08-14T23:59:33.691Z] [INFO]   [5/10] Deputy Archmerchant Scroll Deepmind
[2025-08-14T23:59:33.692Z] [INFO] Generating asset for: Deputy Archmerchant Scroll Deepmind
[2025-08-14T23:59:33.692Z] [INFO]   Prompt: Deputy archmerchant scroll deepmind, high fantasy, medieval, magical, enchanted, vibrant, natural co...
[2025-08-14T23:59:41.710Z] [INFO]   ✅ Generated: /Users/jongosussmango/Library/Mobile Documents/iCloud~md~obsidian/Documents/ObsidianTTRPGVault Experimental/04_Resources/Assets/Generated/Misc/deputy_archmerchant_scroll_deepmind.png
[2025-08-14T23:59:44.712Z] [INFO]   [6/10] Detective-Prime Clarity Truthseeke
[2025-08-14T23:59:44.712Z] [INFO] Generating asset for: Detective-Prime Clarity Truthseeke
[2025-08-14T23:59:44.712Z] [INFO]   Prompt: Detective-prime clarity truthseeke, high fantasy, medieval, magical, enchanted, vibrant, natural col...
[2025-08-14T23:59:52.781Z] [INFO]   ✅ Generated: /Users/jongosussmango/Library/Mobile Documents/iCloud~md~obsidian/Documents/ObsidianTTRPGVault Experimental/04_Resources/Assets/Generated/Misc/detective_prime_clarity_truthseeke.png
[2025-08-14T23:59:55.783Z] [INFO]   [7/10] Diplomatic Intelligence
[2025-08-14T23:59:55.783Z] [INFO] Generating asset for: Diplomatic Intelligence
[2025-08-14T23:59:55.783Z] [INFO]   Prompt: Diplomatic intelligence, high fantasy, medieval, magical, enchanted, vibrant, natural colors, magica...
[2025-08-15T00:00:03.800Z] [INFO]   ✅ Generated: /Users/jongosussmango/Library/Mobile Documents/iCloud~md~obsidian/Documents/ObsidianTTRPGVault Experimental/04_Resources/Assets/Generated/Misc/diplomatic_intelligence.png
[2025-08-15T00:00:06.799Z] [INFO]   [8/10] Divine Transformation Theolog
[2025-08-15T00:00:06.800Z] [INFO] Generating asset for: Divine Transformation Theolog
[2025-08-15T00:00:06.801Z] [INFO]   Prompt: Divine transformation theolog, high fantasy, medieval, magical, enchanted, vibrant, natural colors, ...
[2025-08-15T00:00:14.819Z] [INFO]   ✅ Generated: /Users/jongosussmango/Library/Mobile Documents/iCloud~md~obsidian/Documents/ObsidianTTRPGVault Experimental/04_Resources/Assets/Generated/Misc/divine_transformation_theolog.png
[2025-08-15T00:00:17.820Z] [INFO]   [9/10] Dockworkers Union
[2025-08-15T00:00:17.820Z] [INFO] Generating asset for: Dockworkers Union
[2025-08-15T00:00:17.821Z] [INFO]   Prompt: Dockworkers union, high fantasy, medieval, magical, enchanted, vibrant, natural colors, magical aura...
[2025-08-15T00:00:25.839Z] [INFO]   ✅ Generated: /Users/jongosussmango/Library/Mobile Documents/iCloud~md~obsidian/Documents/ObsidianTTRPGVault Experimental/04_Resources/Assets/Generated/Misc/dockworkers_union.png
[2025-08-15T00:00:28.841Z] [INFO]   [10/10] Doctor Harmony Whisperfall
[2025-08-15T00:00:28.842Z] [INFO] Generating asset for: Doctor Harmony Whisperfall
[2025-08-15T00:00:28.842Z] [INFO]   Prompt: Doctor harmony whisperfall, high fantasy, medieval, magical, enchanted, vibrant, natural colors, mag...
[2025-08-15T00:00:36.861Z] [INFO]   ✅ Generated: /Users/jongosussmango/Library/Mobile Documents/iCloud~md~obsidian/Documents/ObsidianTTRPGVault Experimental/04_Resources/Assets/Generated/Misc/doctor_harmony_whisperfall.png
[2025-08-15T00:00:36.861Z] [INFO] 
📊 Statistics:
[2025-08-15T00:00:36.861Z] [INFO]   Files scanned: 12439
[2025-08-15T00:00:36.862Z] [INFO]   Assets queued: 8640
[2025-08-15T00:00:36.862Z] [INFO]   Assets generated: 40
[2025-08-15T00:00:36.862Z] [INFO]   Assets failed: 0
[2025-08-15T00:00:36.862Z] [INFO]   Generation rate: 5.1 assets/min
[2025-08-15T00:00:36.862Z] [INFO]   Time elapsed: 7.8 minutes
[2025-08-15T00:00:36.862Z] [INFO] 
⏳ Waiting 15s before next batch...
[2025-08-15T00:00:51.863Z] [INFO] 
📦 Processing batch 5 (10 assets)
[2025-08-15T00:00:51.863Z] [INFO]   [1/10] Echo-Prime Cacophony Voidlung
[2025-08-15T00:00:51.864Z] [INFO] Generating asset for: Echo-Prime Cacophony Voidlung
[2025-08-15T00:00:51.864Z] [INFO]   Prompt: Echo-prime cacophony voidlung, high fantasy, medieval, magical, enchanted, vibrant, natural colors, ...
[2025-08-15T00:00:57.884Z] [INFO]   ✅ Generated: /Users/jongosussmango/Library/Mobile Documents/iCloud~md~obsidian/Documents/ObsidianTTRPGVault Experimental/04_Resources/Assets/Generated/Misc/echo_prime_cacophony_voidlung.png
[2025-08-15T00:01:00.886Z] [INFO]   [2/10] Echo-Prime Cacophony Voidlungs
[2025-08-15T00:01:00.887Z] [INFO] Generating asset for: Echo-Prime Cacophony Voidlungs
[2025-08-15T00:01:00.887Z] [INFO]   Prompt: Echo-prime cacophony voidlungs, high fantasy, medieval, magical, enchanted, vibrant, natural colors,...
[2025-08-15T00:01:08.908Z] [INFO]   ✅ Generated: /Users/jongosussmango/Library/Mobile Documents/iCloud~md~obsidian/Documents/ObsidianTTRPGVault Experimental/04_Resources/Assets/Generated/Misc/echo_prime_cacophony_voidlungs.png
[2025-08-15T00:01:11.910Z] [INFO]   [3/10] Economic Intelligence
[2025-08-15T00:01:11.911Z] [INFO] Generating asset for: Economic Intelligence
[2025-08-15T00:01:11.911Z] [INFO]   Prompt: Economic intelligence, high fantasy, medieval, magical, enchanted, vibrant, natural colors, magical ...
[2025-08-15T00:01:19.935Z] [INFO]   ✅ Generated: /Users/jongosussmango/Library/Mobile Documents/iCloud~md~obsidian/Documents/ObsidianTTRPGVault Experimental/04_Resources/Assets/Generated/Misc/economic_intelligence.png
[2025-08-15T00:01:22.936Z] [INFO]   [4/10] Elara Crystalline
[2025-08-15T00:01:22.936Z] [INFO] Generating asset for: Elara Crystalline
[2025-08-15T00:01:22.936Z] [INFO]   Prompt: Elara crystalline, high fantasy, medieval, magical, enchanted, vibrant, natural colors, magical aura...
[2025-08-15T00:01:31.012Z] [INFO]   ✅ Generated: /Users/jongosussmango/Library/Mobile Documents/iCloud~md~obsidian/Documents/ObsidianTTRPGVault Experimental/04_Resources/Assets/Generated/Misc/elara_crystalline.png
[2025-08-15T00:01:34.013Z] [INFO]   [5/10] Environmental Protection Authorit
[2025-08-15T00:01:34.014Z] [INFO] Generating asset for: Environmental Protection Authorit
[2025-08-15T00:01:34.014Z] [INFO]   Prompt: Environmental protection authorit, high fantasy, medieval, magical, enchanted, vibrant, natural colo...
[2025-08-15T00:01:42.045Z] [INFO]   ✅ Generated: /Users/jongosussmango/Library/Mobile Documents/iCloud~md~obsidian/Documents/ObsidianTTRPGVault Experimental/04_Resources/Assets/Generated/Misc/environmental_protection_authorit.png
[2025-08-15T00:01:45.046Z] [INFO]   [6/10] Established Family Communitie
[2025-08-15T00:01:45.046Z] [INFO] Generating asset for: Established Family Communitie
[2025-08-15T00:01:45.047Z] [INFO]   Prompt: Established family communitie, high fantasy, medieval, magical, enchanted, vibrant, natural colors, ...
[2025-08-15T00:01:53.075Z] [INFO]   ✅ Generated: /Users/jongosussmango/Library/Mobile Documents/iCloud~md~obsidian/Documents/ObsidianTTRPGVault Experimental/04_Resources/Assets/Generated/Misc/established_family_communitie.png
[2025-08-15T00:01:56.078Z] [INFO]   [7/10] Established Family Communities
[2025-08-15T00:01:56.079Z] [INFO] Generating asset for: Established Family Communities
[2025-08-15T00:01:56.079Z] [INFO]   Prompt: Established family communities, high fantasy, medieval, magical, enchanted, vibrant, natural colors,...
[2025-08-15T00:02:04.104Z] [INFO]   ✅ Generated: /Users/jongosussmango/Library/Mobile Documents/iCloud~md~obsidian/Documents/ObsidianTTRPGVault Experimental/04_Resources/Assets/Generated/Misc/established_family_communities.png
[2025-08-15T00:02:07.107Z] [INFO]   [8/10] Faction Intelligence
[2025-08-15T00:02:07.107Z] [INFO] Generating asset for: Faction Intelligence
[2025-08-15T00:02:07.108Z] [INFO]   Prompt: Faction intelligence, high fantasy, medieval, magical, enchanted, vibrant, natural colors, magical a...
[2025-08-15T00:02:15.130Z] [INFO]   ✅ Generated: /Users/jongosussmango/Library/Mobile Documents/iCloud~md~obsidian/Documents/ObsidianTTRPGVault Experimental/04_Resources/Assets/Generated/Misc/faction_intelligence.png
[2025-08-15T00:02:18.133Z] [INFO]   [9/10] Faction Interaction Matrix
[2025-08-15T00:02:18.133Z] [INFO] Generating asset for: Faction Interaction Matrix
[2025-08-15T00:02:18.133Z] [INFO]   Prompt: Faction interaction matrix, high fantasy, medieval, magical, enchanted, vibrant, natural colors, mag...
[2025-08-15T00:02:26.159Z] [INFO]   ✅ Generated: /Users/jongosussmango/Library/Mobile Documents/iCloud~md~obsidian/Documents/ObsidianTTRPGVault Experimental/04_Resources/Assets/Generated/Misc/faction_interaction_matrix.png
[2025-08-15T00:02:29.163Z] [INFO]   [10/10] Faction Interaction Rules
[2025-08-15T00:02:29.164Z] [INFO] Generating asset for: Faction Interaction Rules
[2025-08-15T00:02:29.164Z] [INFO]   Prompt: Faction interaction rules, high fantasy, medieval, magical, enchanted, vibrant, natural colors, magi...
[2025-08-15T00:02:37.191Z] [INFO]   ✅ Generated: /Users/jongosussmango/Library/Mobile Documents/iCloud~md~obsidian/Documents/ObsidianTTRPGVault Experimental/04_Resources/Assets/Generated/Misc/faction_interaction_rules.png
[2025-08-15T00:02:37.191Z] [INFO] 
📊 Statistics:
[2025-08-15T00:02:37.192Z] [INFO]   Files scanned: 12439
[2025-08-15T00:02:37.192Z] [INFO]   Assets queued: 8640
[2025-08-15T00:02:37.192Z] [INFO]   Assets generated: 50
[2025-08-15T00:02:37.192Z] [INFO]   Assets failed: 0
[2025-08-15T00:02:37.192Z] [INFO]   Generation rate: 5.1 assets/min
[2025-08-15T00:02:37.192Z] [INFO]   Time elapsed: 9.8 minutes
[2025-08-15T00:02:37.192Z] [INFO] 
⏳ Waiting 15s before next batch...
[2025-08-15T00:02:52.194Z] [INFO] 
📦 Processing batch 6 (10 assets)
[2025-08-15T00:02:52.194Z] [INFO]   [1/10] Faction Loyalty Mechanics
[2025-08-15T00:02:52.195Z] [INFO] Generating asset for: Faction Loyalty Mechanics
[2025-08-15T00:02:52.195Z] [INFO]   Prompt: Faction loyalty mechanics, high fantasy, medieval, magical, enchanted, vibrant, natural colors, magi...
[2025-08-15T00:02:58.293Z] [INFO]   ✅ Generated: /Users/jongosussmango/Library/Mobile Documents/iCloud~md~obsidian/Documents/ObsidianTTRPGVault Experimental/04_Resources/Assets/Generated/Misc/faction_loyalty_mechanics.png
[2025-08-15T00:03:01.296Z] [INFO]   [2/10] Faction Name
[2025-08-15T00:03:01.296Z] [INFO] Generating asset for: Faction Name
[2025-08-15T00:03:01.297Z] [INFO]   Prompt: Faction name, high fantasy, medieval, magical, enchanted, vibrant, natural colors, magical auras, my...
[2025-08-15T00:03:09.330Z] [INFO]   ✅ Generated: /Users/jongosussmango/Library/Mobile Documents/iCloud~md~obsidian/Documents/ObsidianTTRPGVault Experimental/04_Resources/Assets/Generated/Misc/faction_name.png
[2025-08-15T00:03:12.332Z] [INFO]   [3/10] Faction Overview for Players
[2025-08-15T00:03:12.332Z] [INFO] Generating asset for: Faction Overview for Players
[2025-08-15T00:03:12.333Z] [INFO]   Prompt: Faction overview for players, high fantasy, medieval, magical, enchanted, vibrant, natural colors, m...
[2025-08-15T00:03:20.432Z] [INFO]   ✅ Generated: /Users/jongosussmango/Library/Mobile Documents/iCloud~md~obsidian/Documents/ObsidianTTRPGVault Experimental/04_Resources/Assets/Generated/Misc/faction_overview_for_players.png
[2025-08-15T00:03:23.433Z] [INFO]   [4/10] Faction1
[2025-08-15T00:03:23.433Z] [INFO] Generating asset for: Faction1
[2025-08-15T00:03:23.433Z] [INFO]   Prompt: Faction1, high fantasy, medieval, magical, enchanted, vibrant, natural colors, magical auras, mystic...
[2025-08-15T00:03:32.455Z] [INFO]   ✅ Generated: /Users/jongosussmango/Library/Mobile Documents/iCloud~md~obsidian/Documents/ObsidianTTRPGVault Experimental/04_Resources/Assets/Generated/Misc/faction1.png
[2025-08-15T00:03:35.455Z] [INFO]   [5/10] Faction2
[2025-08-15T00:03:35.456Z] [INFO] Generating asset for: Faction2
[2025-08-15T00:03:35.456Z] [INFO]   Prompt: Faction2, high fantasy, medieval, magical, enchanted, vibrant, natural colors, magical auras, mystic...
[2025-08-15T00:03:44.473Z] [INFO]   ✅ Generated: /Users/jongosussmango/Library/Mobile Documents/iCloud~md~obsidian/Documents/ObsidianTTRPGVault Experimental/04_Resources/Assets/Generated/Misc/faction2.png
[2025-08-15T00:03:47.474Z] [INFO]   [6/10] Faction_Name
[2025-08-15T00:03:47.475Z] [INFO] Generating asset for: Faction_Name
[2025-08-15T00:03:47.475Z] [INFO]   Prompt: Faction name, high fantasy, medieval, magical, enchanted, vibrant, natural colors, magical auras, my...
[2025-08-15T00:03:55.520Z] [INFO]   ✅ Generated: /Users/jongosussmango/Library/Mobile Documents/iCloud~md~obsidian/Documents/ObsidianTTRPGVault Experimental/04_Resources/Assets/Generated/Misc/faction_name.png
[2025-08-15T00:03:58.522Z] [INFO]   [7/10] Faction Reputation Matrix
[2025-08-15T00:03:58.522Z] [INFO] Generating asset for: Faction Reputation Matrix
[2025-08-15T00:03:58.522Z] [INFO]   Prompt: Faction reputation matrix, high fantasy, medieval, magical, enchanted, vibrant, natural colors, magi...
[2025-08-15T00:04:07.537Z] [INFO]   ✅ Generated: /Users/jongosussmango/Library/Mobile Documents/iCloud~md~obsidian/Documents/ObsidianTTRPGVault Experimental/04_Resources/Assets/Generated/Misc/faction_reputation_matrix.png
[2025-08-15T00:04:10.538Z] [INFO]   [8/10] Factional Conflicts
[2025-08-15T00:04:10.539Z] [INFO] Generating asset for: Factional Conflicts
[2025-08-15T00:04:10.539Z] [INFO]   Prompt: Factional conflicts, high fantasy, medieval, magical, enchanted, vibrant, natural colors, magical au...
[2025-08-15T00:04:18.555Z] [INFO]   ✅ Generated: /Users/jongosussmango/Library/Mobile Documents/iCloud~md~obsidian/Documents/ObsidianTTRPGVault Experimental/04_Resources/Assets/Generated/Misc/factional_conflicts.png
[2025-08-15T00:04:21.555Z] [INFO]   [9/10] 02_Worldbuilding/Factions/Abyssal Courts
[2025-08-15T00:04:21.556Z] [INFO] Generating asset for: 02_Worldbuilding/Factions/Abyssal Courts
[2025-08-15T00:04:21.556Z] [INFO]   Prompt: 02 worldbuilding/factions/abyssal courts, high fantasy, medieval, magical, enchanted, vibrant, natur...
[2025-08-15T00:04:29.574Z] [INFO]   ✅ Generated: /Users/jongosussmango/Library/Mobile Documents/iCloud~md~obsidian/Documents/ObsidianTTRPGVault Experimental/04_Resources/Assets/Generated/Misc/02_worldbuilding_factions_abyssal_courts.png
[2025-08-15T00:04:32.576Z] [INFO]   [10/10] 02_Worldbuilding/Factions/Skyborn Nobility
[2025-08-15T00:04:32.576Z] [INFO] Generating asset for: 02_Worldbuilding/Factions/Skyborn Nobility
[2025-08-15T00:04:32.576Z] [INFO]   Prompt: 02 worldbuilding/factions/skyborn nobility, high fantasy, medieval, magical, enchanted, vibrant, nat...
[2025-08-15T00:04:41.594Z] [INFO]   ✅ Generated: /Users/jongosussmango/Library/Mobile Documents/iCloud~md~obsidian/Documents/ObsidianTTRPGVault Experimental/04_Resources/Assets/Generated/Misc/02_worldbuilding_factions_skyborn_nobility.png
[2025-08-15T00:04:41.595Z] [INFO] 
📊 Statistics:
[2025-08-15T00:04:41.595Z] [INFO]   Files scanned: 12439
[2025-08-15T00:04:41.595Z] [INFO]   Assets queued: 8640
[2025-08-15T00:04:41.595Z] [INFO]   Assets generated: 60
[2025-08-15T00:04:41.595Z] [INFO]   Assets failed: 0
[2025-08-15T00:04:41.595Z] [INFO]   Generation rate: 5.0 assets/min
[2025-08-15T00:04:41.595Z] [INFO]   Time elapsed: 11.9 minutes
[2025-08-15T00:04:41.595Z] [INFO] 
⏳ Waiting 15s before next batch...
[2025-08-15T00:04:56.597Z] [INFO] 
📦 Processing batch 7 (10 assets)
[2025-08-15T00:04:56.597Z] [INFO]   [1/10] 02_Worldbuilding/Factions/The Crystal Forge Guild
[2025-08-15T00:04:56.597Z] [INFO] Generating asset for: 02_Worldbuilding/Factions/The Crystal Forge Guild
[2025-08-15T00:04:56.597Z] [INFO]   Prompt: 02 worldbuilding/factions/the crystal forge guild, high fantasy, medieval, magical, enchanted, vibra...
[2025-08-15T00:05:02.686Z] [INFO]   ✅ Generated: /Users/jongosussmango/Library/Mobile Documents/iCloud~md~obsidian/Documents/ObsidianTTRPGVault Experimental/04_Resources/Assets/Generated/Misc/02_worldbuilding_factions_the_crystal_forge_guild.png
[2025-08-15T00:05:05.686Z] [INFO]   [2/10] 02_Worldbuilding/Factions/The Order of the Veil
[2025-08-15T00:05:05.687Z] [INFO] Generating asset for: 02_Worldbuilding/Factions/The Order of the Veil
[2025-08-15T00:05:05.687Z] [INFO]   Prompt: 02 worldbuilding/factions/the order of the veil, high fantasy, medieval, magical, enchanted, vibrant...
[2025-08-15T00:05:14.713Z] [INFO]   ✅ Generated: /Users/jongosussmango/Library/Mobile Documents/iCloud~md~obsidian/Documents/ObsidianTTRPGVault Experimental/04_Resources/Assets/Generated/Misc/02_worldbuilding_factions_the_order_of_the_veil.png
[2025-08-15T00:05:17.713Z] [INFO]   [3/10] 02_Worldbuilding/Factions/The Prismatic Order
[2025-08-15T00:05:17.714Z] [INFO] Generating asset for: 02_Worldbuilding/Factions/The Prismatic Order
[2025-08-15T00:05:17.714Z] [INFO]   Prompt: 02 worldbuilding/factions/the prismatic order, high fantasy, medieval, magical, enchanted, vibrant, ...
[2025-08-15T00:05:25.729Z] [INFO]   ✅ Generated: /Users/jongosussmango/Library/Mobile Documents/iCloud~md~obsidian/Documents/ObsidianTTRPGVault Experimental/04_Resources/Assets/Generated/Misc/02_worldbuilding_factions_the_prismatic_order.png
[2025-08-15T00:05:28.730Z] [INFO]   [4/10] 02_Worldbuilding/Factions/The Resonance Keepers
[2025-08-15T00:05:28.731Z] [INFO] Generating asset for: 02_Worldbuilding/Factions/The Resonance Keepers
[2025-08-15T00:05:28.731Z] [INFO]   Prompt: 02 worldbuilding/factions/the resonance keepers, high fantasy, medieval, magical, enchanted, vibrant...
[2025-08-15T00:05:36.745Z] [INFO]   ✅ Generated: /Users/jongosussmango/Library/Mobile Documents/iCloud~md~obsidian/Documents/ObsidianTTRPGVault Experimental/04_Resources/Assets/Generated/Misc/02_worldbuilding_factions_the_resonance_keepers.png
[2025-08-15T00:05:39.745Z] [INFO]   [5/10] 02_Worldbuilding/Factions/The Skyborne Merchants
[2025-08-15T00:05:39.746Z] [INFO] Generating asset for: 02_Worldbuilding/Factions/The Skyborne Merchants
[2025-08-15T00:05:39.746Z] [INFO]   Prompt: 02 worldbuilding/factions/the skyborne merchants, high fantasy, medieval, magical, enchanted, vibran...
[2025-08-15T00:05:48.764Z] [INFO]   ✅ Generated: /Users/jongosussmango/Library/Mobile Documents/iCloud~md~obsidian/Documents/ObsidianTTRPGVault Experimental/04_Resources/Assets/Generated/Misc/02_worldbuilding_factions_the_skyborne_merchants.png
[2025-08-15T00:05:51.766Z] [INFO]   [6/10] 02_Worldbuilding/Factions/The Tide Singers
[2025-08-15T00:05:51.766Z] [INFO] Generating asset for: 02_Worldbuilding/Factions/The Tide Singers
[2025-08-15T00:05:51.766Z] [INFO]   Prompt: 02 worldbuilding/factions/the tide singers, high fantasy, medieval, magical, enchanted, vibrant, nat...
[2025-08-15T00:05:59.821Z] [INFO]   ✅ Generated: /Users/jongosussmango/Library/Mobile Documents/iCloud~md~obsidian/Documents/ObsidianTTRPGVault Experimental/04_Resources/Assets/Generated/Misc/02_worldbuilding_factions_the_tide_singers.png
[2025-08-15T00:06:02.822Z] [INFO]   [7/10] 02_Worldbuilding/Factions/The Void Sculptors
[2025-08-15T00:06:02.822Z] [INFO] Generating asset for: 02_Worldbuilding/Factions/The Void Sculptors
[2025-08-15T00:06:02.822Z] [INFO]   Prompt: 02 worldbuilding/factions/the void sculptors, high fantasy, medieval, magical, enchanted, vibrant, n...
[2025-08-15T00:06:10.835Z] [INFO]   ✅ Generated: /Users/jongosussmango/Library/Mobile Documents/iCloud~md~obsidian/Documents/ObsidianTTRPGVault Experimental/04_Resources/Assets/Generated/Misc/02_worldbuilding_factions_the_void_sculptors.png
[2025-08-15T00:06:13.838Z] [INFO]   [8/10] Family Matriarch Anvil
[2025-08-15T00:06:13.839Z] [INFO] Generating asset for: Family Matriarch Anvil
[2025-08-15T00:06:13.839Z] [INFO]   Prompt: Family matriarch anvil, high fantasy, medieval, magical, enchanted, vibrant, natural colors, magical...
[2025-08-15T00:06:22.857Z] [INFO]   ✅ Generated: /Users/jongosussmango/Library/Mobile Documents/iCloud~md~obsidian/Documents/ObsidianTTRPGVault Experimental/04_Resources/Assets/Generated/Misc/family_matriarch_anvil.png
[2025-08-15T00:06:25.859Z] [INFO]   [9/10] Family Retaine
[2025-08-15T00:06:25.860Z] [INFO] Generating asset for: Family Retaine
[2025-08-15T00:06:25.860Z] [INFO]   Prompt: Family retaine, high fantasy, medieval, magical, enchanted, vibrant, natural colors, magical auras, ...
[2025-08-15T00:06:33.947Z] [INFO]   ✅ Generated: /Users/jongosussmango/Library/Mobile Documents/iCloud~md~obsidian/Documents/ObsidianTTRPGVault Experimental/04_Resources/Assets/Generated/Misc/family_retaine.png
[2025-08-15T00:06:36.949Z] [INFO]   [10/10] Family Retainer
[2025-08-15T00:06:36.949Z] [INFO] Generating asset for: Family Retainer
[2025-08-15T00:06:36.949Z] [INFO]   Prompt: Family retainer, high fantasy, medieval, magical, enchanted, vibrant, natural colors, magical auras,...
[2025-08-15T00:06:44.969Z] [INFO]   ✅ Generated: /Users/jongosussmango/Library/Mobile Documents/iCloud~md~obsidian/Documents/ObsidianTTRPGVault Experimental/04_Resources/Assets/Generated/Misc/family_retainer.png
[2025-08-15T00:06:44.969Z] [INFO] 
📊 Statistics:
[2025-08-15T00:06:44.969Z] [INFO]   Files scanned: 12439
[2025-08-15T00:06:44.969Z] [INFO]   Assets queued: 8640
[2025-08-15T00:06:44.969Z] [INFO]   Assets generated: 70
[2025-08-15T00:06:44.969Z] [INFO]   Assets failed: 0
[2025-08-15T00:06:44.969Z] [INFO]   Generation rate: 5.0 assets/min
[2025-08-15T00:06:44.970Z] [INFO]   Time elapsed: 13.9 minutes
[2025-08-15T00:06:44.970Z] [INFO] 
⏳ Waiting 15s before next batch...
[2025-08-15T00:06:59.970Z] [INFO] 
📦 Processing batch 8 (10 assets)
[2025-08-15T00:06:59.971Z] [INFO]   [1/10] Festival Artisans Guild
[2025-08-15T00:06:59.971Z] [INFO] Generating asset for: Festival Artisans Guild
[2025-08-15T00:06:59.971Z] [INFO]   Prompt: Festival artisans guild, high fantasy, medieval, magical, enchanted, vibrant, natural colors, magica...
[2025-08-15T00:07:05.988Z] [INFO]   ✅ Generated: /Users/jongosussmango/Library/Mobile Documents/iCloud~md~obsidian/Documents/ObsidianTTRPGVault Experimental/04_Resources/Assets/Generated/Misc/festival_artisans_guild.png
[2025-08-15T00:07:08.990Z] [INFO]   [2/10] Filtration Systems Guild
[2025-08-15T00:07:08.990Z] [INFO] Generating asset for: Filtration Systems Guild
[2025-08-15T00:07:08.990Z] [INFO]   Prompt: Filtration systems guild, high fantasy, medieval, magical, enchanted, vibrant, natural colors, magic...
[2025-08-15T00:07:17.008Z] [INFO]   ✅ Generated: /Users/jongosussmango/Library/Mobile Documents/iCloud~md~obsidian/Documents/ObsidianTTRPGVault Experimental/04_Resources/Assets/Generated/Misc/filtration_systems_guild.png
[2025-08-15T00:07:20.008Z] [INFO]   [3/10] Financial Crime Investigatio
[2025-08-15T00:07:20.009Z] [INFO] Generating asset for: Financial Crime Investigatio
[2025-08-15T00:07:20.009Z] [INFO]   Prompt: Financial crime investigatio, high fantasy, medieval, magical, enchanted, vibrant, natural colors, m...
[2025-08-15T00:07:29.029Z] [INFO]   ✅ Generated: /Users/jongosussmango/Library/Mobile Documents/iCloud~md~obsidian/Documents/ObsidianTTRPGVault Experimental/04_Resources/Assets/Generated/Misc/financial_crime_investigatio.png
[2025-08-15T00:07:32.030Z] [INFO]   [4/10] Financial Crime Investigation
[2025-08-15T00:07:32.031Z] [INFO] Generating asset for: Financial Crime Investigation
[2025-08-15T00:07:32.031Z] [INFO]   Prompt: Financial crime investigation, high fantasy, medieval, magical, enchanted, vibrant, natural colors, ...
[2025-08-15T00:07:40.049Z] [INFO]   ✅ Generated: /Users/jongosussmango/Library/Mobile Documents/iCloud~md~obsidian/Documents/ObsidianTTRPGVault Experimental/04_Resources/Assets/Generated/Misc/financial_crime_investigation.png
[2025-08-15T00:07:43.051Z] [INFO]   [5/10] Foreign Trade Guilds
[2025-08-15T00:07:43.051Z] [INFO] Generating asset for: Foreign Trade Guilds
[2025-08-15T00:07:43.051Z] [INFO]   Prompt: Foreign trade guilds, high fantasy, medieval, magical, enchanted, vibrant, natural colors, magical a...
[2025-08-15T00:07:51.094Z] [INFO]   ✅ Generated: /Users/jongosussmango/Library/Mobile Documents/iCloud~md~obsidian/Documents/ObsidianTTRPGVault Experimental/04_Resources/Assets/Generated/Misc/foreign_trade_guilds.png
[2025-08-15T00:07:54.095Z] [INFO]   [6/10] Foreman Prime Salvage Maste
[2025-08-15T00:07:54.095Z] [INFO] Generating asset for: Foreman Prime Salvage Maste
[2025-08-15T00:07:54.095Z] [INFO]   Prompt: Foreman prime salvage maste, high fantasy, medieval, magical, enchanted, vibrant, natural colors, ma...
[2025-08-15T00:08:03.111Z] [INFO]   ✅ Generated: /Users/jongosussmango/Library/Mobile Documents/iCloud~md~obsidian/Documents/ObsidianTTRPGVault Experimental/04_Resources/Assets/Generated/Misc/foreman_prime_salvage_maste.png
[2025-08-15T00:08:06.111Z] [INFO]   [7/10] Frequency Weapon
[2025-08-15T00:08:06.112Z] [INFO] Generating asset for: Frequency Weapon
[2025-08-15T00:08:06.112Z] [INFO]   Prompt: Frequency weapon, high fantasy, medieval, magical, enchanted, vibrant, natural colors, magical auras...
[2025-08-15T00:08:16.130Z] [INFO]   ✅ Generated: /Users/jongosussmango/Library/Mobile Documents/iCloud~md~obsidian/Documents/ObsidianTTRPGVault Experimental/04_Resources/Assets/Generated/Misc/frequency_weapon.png
[2025-08-15T00:08:19.130Z] [INFO]   [8/10] Frequency Weapons
[2025-08-15T00:08:19.130Z] [INFO] Generating asset for: Frequency Weapons
[2025-08-15T00:08:19.130Z] [INFO]   Prompt: Frequency weapons, high fantasy, medieval, magical, enchanted, vibrant, natural colors, magical aura...
[2025-08-15T00:08:28.149Z] [INFO]   ✅ Generated: /Users/jongosussmango/Library/Mobile Documents/iCloud~md~obsidian/Documents/ObsidianTTRPGVault Experimental/04_Resources/Assets/Generated/Misc/frequency_weapons.png
[2025-08-15T00:08:31.150Z] [INFO]   [9/10] Bexley Port Authority
[2025-08-15T00:08:31.150Z] [INFO] Generating asset for: Bexley Port Authority
[2025-08-15T00:08:31.151Z] [INFO]   Prompt: Bexley port authority, high fantasy, medieval, magical, enchanted, vibrant, natural colors, magical ...
[2025-08-15T00:08:39.167Z] [INFO]   ✅ Generated: /Users/jongosussmango/Library/Mobile Documents/iCloud~md~obsidian/Documents/ObsidianTTRPGVault Experimental/04_Resources/Assets/Generated/Misc/bexley_port_authority.png
[2025-08-15T00:08:42.169Z] [INFO]   [10/10] Cross-Realm Cooperation Authority
[2025-08-15T00:08:42.169Z] [INFO] Generating asset for: Cross-Realm Cooperation Authority
[2025-08-15T00:08:42.169Z] [INFO]   Prompt: Cross-realm cooperation authority, high fantasy, medieval, magical, enchanted, vibrant, natural colo...
[2025-08-15T00:08:51.204Z] [INFO]   ✅ Generated: /Users/jongosussmango/Library/Mobile Documents/iCloud~md~obsidian/Documents/ObsidianTTRPGVault Experimental/04_Resources/Assets/Generated/Misc/cross_realm_cooperation_authority.png
[2025-08-15T00:08:51.205Z] [INFO] 
📊 Statistics:
[2025-08-15T00:08:51.205Z] [INFO]   Files scanned: 12439
[2025-08-15T00:08:51.205Z] [INFO]   Assets queued: 8640
[2025-08-15T00:08:51.205Z] [INFO]   Assets generated: 80
[2025-08-15T00:08:51.205Z] [INFO]   Assets failed: 0
[2025-08-15T00:08:51.205Z] [INFO]   Generation rate: 5.0 assets/min
[2025-08-15T00:08:51.205Z] [INFO]   Time elapsed: 16.0 minutes
[2025-08-15T00:08:51.205Z] [INFO] 
⏳ Waiting 15s before next batch...
[2025-08-15T00:09:06.206Z] [INFO] 
📦 Processing batch 9 (10 assets)
[2025-08-15T00:09:06.207Z] [INFO]   [1/10] Customs Authority
[2025-08-15T00:09:06.207Z] [INFO] Generating asset for: Customs Authority
[2025-08-15T00:09:06.207Z] [INFO]   Prompt: Customs authority, high fantasy, medieval, magical, enchanted, vibrant, natural colors, magical aura...
[2025-08-15T00:09:12.222Z] [INFO]   ✅ Generated: /Users/jongosussmango/Library/Mobile Documents/iCloud~md~obsidian/Documents/ObsidianTTRPGVault Experimental/04_Resources/Assets/Generated/Misc/customs_authority.png
[2025-08-15T00:09:15.225Z] [INFO]   [2/10] Department of Underwater Transit Authority
[2025-08-15T00:09:15.225Z] [INFO] Generating asset for: Department of Underwater Transit Authority
[2025-08-15T00:09:15.225Z] [INFO]   Prompt: Department of underwater transit authority, high fantasy, medieval, magical, enchanted, vibrant, nat...
[2025-08-15T00:09:24.244Z] [INFO]   ✅ Generated: /Users/jongosussmango/Library/Mobile Documents/iCloud~md~obsidian/Documents/ObsidianTTRPGVault Experimental/04_Resources/Assets/Generated/Misc/department_of_underwater_transit_authority.png
[2025-08-15T00:09:27.244Z] [INFO]   [3/10] Enforcement Authority Charte
[2025-08-15T00:09:27.245Z] [INFO] Generating asset for: Enforcement Authority Charte
[2025-08-15T00:09:27.245Z] [INFO]   Prompt: Enforcement authority charte, high fantasy, medieval, magical, enchanted, vibrant, natural colors, m...
[2025-08-15T00:09:35.265Z] [INFO]   ✅ Generated: /Users/jongosussmango/Library/Mobile Documents/iCloud~md~obsidian/Documents/ObsidianTTRPGVault Experimental/04_Resources/Assets/Generated/Misc/enforcement_authority_charte.png
[2025-08-15T00:09:38.266Z] [INFO]   [4/10] Governmental Authority
[2025-08-15T00:09:38.266Z] [INFO] Generating asset for: Governmental Authority
[2025-08-15T00:09:38.267Z] [INFO]   Prompt: Governmental authority, high fantasy, medieval, magical, enchanted, vibrant, natural colors, magical...
[2025-08-15T00:09:46.280Z] [INFO]   ✅ Generated: /Users/jongosussmango/Library/Mobile Documents/iCloud~md~obsidian/Documents/ObsidianTTRPGVault Experimental/04_Resources/Assets/Generated/Misc/governmental_authority.png
[2025-08-15T00:09:49.281Z] [INFO]   [5/10] Parliament Dissolution Crisis
[2025-08-15T00:09:49.282Z] [INFO] Generating asset for: Parliament Dissolution Crisis
[2025-08-15T00:09:49.282Z] [INFO]   Prompt: Parliament dissolution crisis, high fantasy, medieval, magical, enchanted, vibrant, natural colors, ...
[2025-08-15T00:09:57.298Z] [INFO]   ✅ Generated: /Users/jongosussmango/Library/Mobile Documents/iCloud~md~obsidian/Documents/ObsidianTTRPGVault Experimental/04_Resources/Assets/Generated/Misc/parliament_dissolution_crisis.png
[2025-08-15T00:10:00.300Z] [INFO]   [6/10] Parliament Guards
[2025-08-15T00:10:00.300Z] [INFO] Generating asset for: Parliament Guards
[2025-08-15T00:10:00.300Z] [INFO]   Prompt: Parliament guards, high fantasy, medieval, magical, enchanted, vibrant, natural colors, magical aura...
[2025-08-15T00:10:09.316Z] [INFO]   ✅ Generated: /Users/jongosussmango/Library/Mobile Documents/iCloud~md~obsidian/Documents/ObsidianTTRPGVault Experimental/04_Resources/Assets/Generated/Misc/parliament_guards.png
[2025-08-15T00:10:12.317Z] [INFO]   [7/10] Parliament Members
[2025-08-15T00:10:12.318Z] [INFO] Generating asset for: Parliament Members
[2025-08-15T00:10:12.318Z] [INFO]   Prompt: Parliament members, high fantasy, medieval, magical, enchanted, vibrant, natural colors, magical aur...
[2025-08-15T00:10:20.331Z] [INFO]   ✅ Generated: /Users/jongosussmango/Library/Mobile Documents/iCloud~md~obsidian/Documents/ObsidianTTRPGVault Experimental/04_Resources/Assets/Generated/Misc/parliament_members.png
[2025-08-15T00:10:23.332Z] [INFO]   [8/10] Parliament of Echoes - Shadow Chamber
[2025-08-15T00:10:23.332Z] [INFO] Generating asset for: Parliament of Echoes - Shadow Chamber
[2025-08-15T00:10:23.332Z] [INFO]   Prompt: Parliament of echoes - shadow chamber, high fantasy, medieval, magical, enchanted, vibrant, natural ...
[2025-08-15T00:10:31.348Z] [INFO]   ✅ Generated: /Users/jongosussmango/Library/Mobile Documents/iCloud~md~obsidian/Documents/ObsidianTTRPGVault Experimental/04_Resources/Assets/Generated/Misc/parliament_of_echoes___shadow_chamber.png
[2025-08-15T00:10:34.348Z] [INFO]   [9/10] Parliament of Shadow
[2025-08-15T00:10:34.349Z] [INFO] Generating asset for: Parliament of Shadow
[2025-08-15T00:10:34.349Z] [INFO]   Prompt: Parliament of shadow, high fantasy, medieval, magical, enchanted, vibrant, natural colors, magical a...
[2025-08-15T00:10:42.386Z] [INFO]   ✅ Generated: /Users/jongosussmango/Library/Mobile Documents/iCloud~md~obsidian/Documents/ObsidianTTRPGVault Experimental/04_Resources/Assets/Generated/Misc/parliament_of_shadow.png
[2025-08-15T00:10:45.387Z] [INFO]   [10/10] Parliament of Shadows
[2025-08-15T00:10:45.387Z] [INFO] Generating asset for: Parliament of Shadows
[2025-08-15T00:10:45.388Z] [INFO]   Prompt: Parliament of shadows, high fantasy, medieval, magical, enchanted, vibrant, natural colors, magical ...
[2025-08-15T00:10:54.405Z] [INFO]   ✅ Generated: /Users/jongosussmango/Library/Mobile Documents/iCloud~md~obsidian/Documents/ObsidianTTRPGVault Experimental/04_Resources/Assets/Generated/Misc/parliament_of_shadows.png
[2025-08-15T00:10:54.405Z] [INFO] 
📊 Statistics:
[2025-08-15T00:10:54.405Z] [INFO]   Files scanned: 12439
[2025-08-15T00:10:54.405Z] [INFO]   Assets queued: 8640
[2025-08-15T00:10:54.405Z] [INFO]   Assets generated: 90
[2025-08-15T00:10:54.405Z] [INFO]   Assets failed: 0
[2025-08-15T00:10:54.405Z] [INFO]   Generation rate: 5.0 assets/min
[2025-08-15T00:10:54.405Z] [INFO]   Time elapsed: 18.1 minutes
[2025-08-15T00:10:54.405Z] [INFO] 
⏳ Waiting 15s before next batch...
[2025-08-15T00:11:09.406Z] [INFO] 
📦 Processing batch 10 (10 assets)
[2025-08-15T00:11:09.406Z] [INFO]   [1/10] Parliament-of-Shadows-Campaign
[2025-08-15T00:11:09.407Z] [INFO] Generating asset for: Parliament-of-Shadows-Campaign
[2025-08-15T00:11:09.407Z] [INFO]   Prompt: Parliament-of-shadows-campaign, high fantasy, medieval, magical, enchanted, vibrant, natural colors,...
[2025-08-15T00:11:15.420Z] [INFO]   ✅ Generated: /Users/jongosussmango/Library/Mobile Documents/iCloud~md~obsidian/Documents/ObsidianTTRPGVault Experimental/04_Resources/Assets/Generated/Misc/parliament_of_shadows_campaign.png
[2025-08-15T00:11:18.421Z] [INFO]   [2/10] Parliamentary Archives
[2025-08-15T00:11:18.421Z] [INFO] Generating asset for: Parliamentary Archives
[2025-08-15T00:11:18.422Z] [INFO]   Prompt: Parliamentary archives, high fantasy, medieval, magical, enchanted, vibrant, natural colors, magical...
[2025-08-15T00:11:25.437Z] [INFO]   ✅ Generated: /Users/jongosussmango/Library/Mobile Documents/iCloud~md~obsidian/Documents/ObsidianTTRPGVault Experimental/04_Resources/Assets/Generated/Misc/parliamentary_archives.png
[2025-08-15T00:11:28.437Z] [INFO]   [3/10] Parliamentary Ethics Committee
[2025-08-15T00:11:28.438Z] [INFO] Generating asset for: Parliamentary Ethics Committee
[2025-08-15T00:11:28.438Z] [INFO]   Prompt: Parliamentary ethics committee, high fantasy, medieval, magical, enchanted, vibrant, natural colors,...
[2025-08-15T00:11:36.454Z] [INFO]   ✅ Generated: /Users/jongosussmango/Library/Mobile Documents/iCloud~md~obsidian/Documents/ObsidianTTRPGVault Experimental/04_Resources/Assets/Generated/Misc/parliamentary_ethics_committee.png
[2025-08-15T00:11:39.455Z] [INFO]   [4/10] Parliamentary Infiltration List
[2025-08-15T00:11:39.456Z] [INFO] Generating asset for: Parliamentary Infiltration List
[2025-08-15T00:11:39.456Z] [INFO]   Prompt: Parliamentary infiltration list, high fantasy, medieval, magical, enchanted, vibrant, natural colors...
[2025-08-15T00:11:47.471Z] [INFO]   ✅ Generated: /Users/jongosussmango/Library/Mobile Documents/iCloud~md~obsidian/Documents/ObsidianTTRPGVault Experimental/04_Resources/Assets/Generated/Misc/parliamentary_infiltration_list.png
[2025-08-15T00:11:50.472Z] [INFO]   [5/10] Parliamentary Speaker
[2025-08-15T00:11:50.473Z] [INFO] Generating asset for: Parliamentary Speaker
[2025-08-15T00:11:50.473Z] [INFO]   Prompt: Parliamentary speaker, high fantasy, medieval, magical, enchanted, vibrant, natural colors, magical ...
[2025-08-15T00:11:59.499Z] [INFO]   ✅ Generated: /Users/jongosussmango/Library/Mobile Documents/iCloud~md~obsidian/Documents/ObsidianTTRPGVault Experimental/04_Resources/Assets/Generated/Misc/parliamentary_speaker.png
[2025-08-15T00:12:02.498Z] [INFO]   [6/10] Parliamentary Speakers
[2025-08-15T00:12:02.498Z] [INFO] Generating asset for: Parliamentary Speakers
[2025-08-15T00:12:02.499Z] [INFO]   Prompt: Parliamentary speakers, high fantasy, medieval, magical, enchanted, vibrant, natural colors, magical...
[2025-08-15T00:12:10.511Z] [INFO]   ✅ Generated: /Users/jongosussmango/Library/Mobile Documents/iCloud~md~obsidian/Documents/ObsidianTTRPGVault Experimental/04_Resources/Assets/Generated/Misc/parliamentary_speakers.png
[2025-08-15T00:12:13.513Z] [INFO]   [7/10] Pressure Safety Authority
[2025-08-15T00:12:13.513Z] [INFO] Generating asset for: Pressure Safety Authority
[2025-08-15T00:12:13.513Z] [INFO]   Prompt: Pressure safety authority, high fantasy, medieval, magical, enchanted, vibrant, natural colors, magi...
[2025-08-15T00:12:22.532Z] [INFO]   ✅ Generated: /Users/jongosussmango/Library/Mobile Documents/iCloud~md~obsidian/Documents/ObsidianTTRPGVault Experimental/04_Resources/Assets/Generated/Misc/pressure_safety_authority.png
[2025-08-15T00:12:25.534Z] [INFO]   [8/10] Quest - Parliamentary Corruptio
[2025-08-15T00:12:25.534Z] [INFO] Generating asset for: Quest - Parliamentary Corruptio
[2025-08-15T00:12:25.534Z] [INFO]   Prompt: Quest - parliamentary corruptio, high fantasy, medieval, magical, enchanted, vibrant, natural colors...
[2025-08-15T00:12:33.554Z] [INFO]   ✅ Generated: /Users/jongosussmango/Library/Mobile Documents/iCloud~md~obsidian/Documents/ObsidianTTRPGVault Experimental/04_Resources/Assets/Generated/Misc/quest___parliamentary_corruptio.png
[2025-08-15T00:12:36.555Z] [INFO]   [9/10] Quest - Parliamentary Infiltratio
[2025-08-15T00:12:36.556Z] [INFO] Generating asset for: Quest - Parliamentary Infiltratio
[2025-08-15T00:12:36.556Z] [INFO]   Prompt: Quest - parliamentary infiltratio, high fantasy, medieval, magical, enchanted, vibrant, natural colo...
[2025-08-15T00:12:45.578Z] [INFO]   ✅ Generated: /Users/jongosussmango/Library/Mobile Documents/iCloud~md~obsidian/Documents/ObsidianTTRPGVault Experimental/04_Resources/Assets/Generated/Misc/quest___parliamentary_infiltratio.png
[2025-08-15T00:12:48.578Z] [INFO]   [10/10] Regulatory Authority Directo
[2025-08-15T00:12:48.579Z] [INFO] Generating asset for: Regulatory Authority Directo
[2025-08-15T00:12:48.579Z] [INFO]   Prompt: Regulatory authority directo, high fantasy, medieval, magical, enchanted, vibrant, natural colors, m...
[2025-08-15T00:12:56.595Z] [INFO]   ✅ Generated: /Users/jongosussmango/Library/Mobile Documents/iCloud~md~obsidian/Documents/ObsidianTTRPGVault Experimental/04_Resources/Assets/Generated/Misc/regulatory_authority_directo.png
[2025-08-15T00:12:56.595Z] [INFO] 
📊 Statistics:
[2025-08-15T00:12:56.595Z] [INFO]   Files scanned: 12439
[2025-08-15T00:12:56.595Z] [INFO]   Assets queued: 8640
[2025-08-15T00:12:56.595Z] [INFO]   Assets generated: 100
[2025-08-15T00:12:56.595Z] [INFO]   Assets failed: 0
[2025-08-15T00:12:56.595Z] [INFO]   Generation rate: 5.0 assets/min
[2025-08-15T00:12:56.595Z] [INFO]   Time elapsed: 20.1 minutes
[2025-08-15T00:12:56.595Z] [INFO] 
⏳ Waiting 15s before next batch...
[2025-08-15T00:13:11.583Z] [INFO] 
📦 Processing batch 11 (10 assets)
[2025-08-15T00:13:11.583Z] [INFO]   [1/10] The Battle of Parliament Dee
[2025-08-15T00:13:11.583Z] [INFO] Generating asset for: The Battle of Parliament Dee
[2025-08-15T00:13:11.583Z] [INFO]   Prompt: The battle of parliament dee, high fantasy, medieval, magical, enchanted, vibrant, natural colors, m...
[2025-08-15T00:13:18.593Z] [INFO]   ✅ Generated: /Users/jongosussmango/Library/Mobile Documents/iCloud~md~obsidian/Documents/ObsidianTTRPGVault Experimental/04_Resources/Assets/Generated/Misc/the_battle_of_parliament_dee.png
[2025-08-15T00:13:21.592Z] [INFO]   [2/10] The Crown Authority
[2025-08-15T00:13:21.592Z] [INFO] Generating asset for: The Crown Authority
[2025-08-15T00:13:21.592Z] [INFO]   Prompt: The crown authority, high fantasy, medieval, magical, enchanted, vibrant, natural colors, magical au...
[2025-08-15T00:13:29.606Z] [INFO]   ✅ Generated: /Users/jongosussmango/Library/Mobile Documents/iCloud~md~obsidian/Documents/ObsidianTTRPGVault Experimental/04_Resources/Assets/Generated/Misc/the_crown_authority.png
[2025-08-15T00:13:32.607Z] [INFO]   [3/10] The Parliament of Echoes
[2025-08-15T00:13:32.608Z] [INFO] Generating asset for: The Parliament of Echoes
[2025-08-15T00:13:32.608Z] [INFO]   Prompt: The parliament of echoes, high fantasy, medieval, magical, enchanted, vibrant, natural colors, magic...
[2025-08-15T00:13:41.625Z] [INFO]   ✅ Generated: /Users/jongosussmango/Library/Mobile Documents/iCloud~md~obsidian/Documents/ObsidianTTRPGVault Experimental/04_Resources/Assets/Generated/Misc/the_parliament_of_echoes.png
[2025-08-15T00:13:44.626Z] [INFO]   [4/10] The Parliament of Nobody
[2025-08-15T00:13:44.626Z] [INFO] Generating asset for: The Parliament of Nobody
[2025-08-15T00:13:44.627Z] [INFO]   Prompt: The parliament of nobody, high fantasy, medieval, magical, enchanted, vibrant, natural colors, magic...
[2025-08-15T00:13:53.644Z] [INFO]   ✅ Generated: /Users/jongosussmango/Library/Mobile Documents/iCloud~md~obsidian/Documents/ObsidianTTRPGVault Experimental/04_Resources/Assets/Generated/Misc/the_parliament_of_nobody.png
[2025-08-15T00:13:56.645Z] [INFO]   [5/10] The Shadow Parliament
[2025-08-15T00:13:56.645Z] [INFO] Generating asset for: The Shadow Parliament
[2025-08-15T00:13:56.645Z] [INFO]   Prompt: The shadow parliament, high fantasy, medieval, magical, enchanted, vibrant, natural colors, magical ...
[2025-08-15T00:14:04.659Z] [INFO]   ✅ Generated: /Users/jongosussmango/Library/Mobile Documents/iCloud~md~obsidian/Documents/ObsidianTTRPGVault Experimental/04_Resources/Assets/Generated/Misc/the_shadow_parliament.png
[2025-08-15T00:14:07.660Z] [INFO]   [6/10] 02_Worldbuilding/Groups/Academy_of_Depths
[2025-08-15T00:14:07.661Z] [INFO] Generating asset for: 02_Worldbuilding/Groups/Academy_of_Depths
[2025-08-15T00:14:07.661Z] [INFO]   Prompt: 02 worldbuilding/groups/academy of depths, high fantasy, medieval, magical, enchanted, vibrant, natu...
[2025-08-15T00:14:16.680Z] [INFO]   ✅ Generated: /Users/jongosussmango/Library/Mobile Documents/iCloud~md~obsidian/Documents/ObsidianTTRPGVault Experimental/04_Resources/Assets/Generated/Misc/02_worldbuilding_groups_academy_of_depths.png
[2025-08-15T00:14:19.681Z] [INFO]   [7/10] 02_Worldbuilding/Groups/Adaptation Medical Society
[2025-08-15T00:14:19.681Z] [INFO] Generating asset for: 02_Worldbuilding/Groups/Adaptation Medical Society
[2025-08-15T00:14:19.682Z] [INFO]   Prompt: 02 worldbuilding/groups/adaptation medical society, high fantasy, medieval, magical, enchanted, vibr...
